---------------------------------------------------------------
[ 2018-06-13T21:49:20+08:00 ] 127.0.0.1 GET /api/v1/banner/1
[ info ] ceshi.cn/api/v1/banner/1 [运行时间：0.404023s][吞吐率：2.48req/s] [内存消耗：3,172.58kb] [文件加载：60]
[ sql ] [ DB ] CONNECT:[ UseTime:0.026001s ] mysql:host=127.0.0.1;port=3306;dbname=zerg;charset=utf8
[ sql ] [ SQL ] SHOW COLUMNS FROM `banner` [ RunTime:0.055003s ]
[ sql ] [ SQL ] SELECT * FROM `banner` WHERE  `id` = 1 [ RunTime:0.001000s ]
[ sql ] [ SQL ] SHOW COLUMNS FROM `banner_item` [ RunTime:0.057004s ]
[ sql ] [ SQL ] SELECT * FROM `banner_item` WHERE  `banner_id` IN (1) [ RunTime:0.015001s ]
[ sql ] [ SQL ] SELECT * FROM `banner_item` WHERE  `banner_id` IN (1) [ RunTime:0.001000s ]
[ sql ] [ SQL ] SHOW COLUMNS FROM `image` [ RunTime:0.051003s ]
[ sql ] [ SQL ] SELECT * FROM `image` WHERE  `id` IN (65,2,3,1) [ RunTime:0.001000s ]
---------------------------------------------------------------
[ 2018-06-13T21:50:04+08:00 ] 127.0.0.1 GET /api/v1/banner/1
[ info ] ceshi.cn/api/v1/banner/1 [运行时间：0.144008s][吞吐率：6.94req/s] [内存消耗：3,172.59kb] [文件加载：60]
[ sql ] [ DB ] CONNECT:[ UseTime:0.002000s ] mysql:host=127.0.0.1;port=3306;dbname=zerg;charset=utf8
[ sql ] [ SQL ] SHOW COLUMNS FROM `banner` [ RunTime:0.026001s ]
[ sql ] [ SQL ] SELECT * FROM `banner` WHERE  `id` = 1 [ RunTime:0.001000s ]
[ sql ] [ SQL ] SHOW COLUMNS FROM `banner_item` [ RunTime:0.013000s ]
[ sql ] [ SQL ] SELECT * FROM `banner_item` WHERE  `banner_id` IN (1) [ RunTime:0.001000s ]
[ sql ] [ SQL ] SELECT * FROM `banner_item` WHERE  `banner_id` IN (1) [ RunTime:0.001000s ]
[ sql ] [ SQL ] SHOW COLUMNS FROM `image` [ RunTime:0.013001s ]
[ sql ] [ SQL ] SELECT * FROM `image` WHERE  `id` IN (65,2,3,1) [ RunTime:0.001000s ]
---------------------------------------------------------------
[ 2018-06-13T21:50:47+08:00 ] 127.0.0.1 GET /api/v1/banner/1
[ info ] ceshi.cn/api/v1/banner/1 [运行时间：0.228013s][吞吐率：4.39req/s] [内存消耗：3,172.59kb] [文件加载：60]
[ sql ] [ DB ] CONNECT:[ UseTime:0.001000s ] mysql:host=127.0.0.1;port=3306;dbname=zerg;charset=utf8
[ sql ] [ SQL ] SHOW COLUMNS FROM `banner` [ RunTime:0.018001s ]
[ sql ] [ SQL ] SELECT * FROM `banner` WHERE  `id` = 1 [ RunTime:0.003000s ]
[ sql ] [ SQL ] SHOW COLUMNS FROM `banner_item` [ RunTime:0.020001s ]
[ sql ] [ SQL ] SELECT * FROM `banner_item` WHERE  `banner_id` IN (1) [ RunTime:0.002000s ]
[ sql ] [ SQL ] SELECT * FROM `banner_item` WHERE  `banner_id` IN (1) [ RunTime:0.002000s ]
[ sql ] [ SQL ] SHOW COLUMNS FROM `image` [ RunTime:0.025001s ]
[ sql ] [ SQL ] SELECT * FROM `image` WHERE  `id` IN (65,2,3,1) [ RunTime:0.007001s ]
---------------------------------------------------------------
[ 2018-06-13T21:50:53+08:00 ] 127.0.0.1 GET /api/v1/banner/1
[ info ] ceshi.cn/api/v1/banner/1 [运行时间：0.172010s][吞吐率：5.81req/s] [内存消耗：3,172.59kb] [文件加载：60]
[ sql ] [ DB ] CONNECT:[ UseTime:0.001000s ] mysql:host=127.0.0.1;port=3306;dbname=zerg;charset=utf8
[ sql ] [ SQL ] SHOW COLUMNS FROM `banner` [ RunTime:0.017001s ]
[ sql ] [ SQL ] SELECT * FROM `banner` WHERE  `id` = 1 [ RunTime:0.001001s ]
[ sql ] [ SQL ] SHOW COLUMNS FROM `banner_item` [ RunTime:0.013000s ]
[ sql ] [ SQL ] SELECT * FROM `banner_item` WHERE  `banner_id` IN (1) [ RunTime:0.002000s ]
[ sql ] [ SQL ] SELECT * FROM `banner_item` WHERE  `banner_id` IN (1) [ RunTime:0.000000s ]
[ sql ] [ SQL ] SHOW COLUMNS FROM `image` [ RunTime:0.013001s ]
[ sql ] [ SQL ] SELECT * FROM `image` WHERE  `id` IN (65,2,3,1) [ RunTime:0.001000s ]
---------------------------------------------------------------
[ 2018-06-13T21:51:53+08:00 ] 127.0.0.1 GET /api/v1/banner/1
[ info ] ceshi.cn/api/v1/banner/1 [运行时间：0.187011s][吞吐率：5.35req/s] [内存消耗：3,172.59kb] [文件加载：60]
[ sql ] [ DB ] CONNECT:[ UseTime:0.011001s ] mysql:host=127.0.0.1;port=3306;dbname=zerg;charset=utf8
[ sql ] [ SQL ] SHOW COLUMNS FROM `banner` [ RunTime:0.015001s ]
[ sql ] [ SQL ] SELECT * FROM `banner` WHERE  `id` = 1 [ RunTime:0.001000s ]
[ sql ] [ SQL ] SHOW COLUMNS FROM `banner_item` [ RunTime:0.014001s ]
[ sql ] [ SQL ] SELECT * FROM `banner_item` WHERE  `banner_id` IN (1) [ RunTime:0.001000s ]
[ sql ] [ SQL ] SELECT * FROM `banner_item` WHERE  `banner_id` IN (1) [ RunTime:0.001000s ]
[ sql ] [ SQL ] SHOW COLUMNS FROM `image` [ RunTime:0.013001s ]
[ sql ] [ SQL ] SELECT * FROM `image` WHERE  `id` IN (65,2,3,1) [ RunTime:0.000000s ]
---------------------------------------------------------------
[ 2018-06-13T21:52:12+08:00 ] 127.0.0.1 GET /api/v1/banner/1
[ info ] ceshi.cn/api/v1/banner/1 [运行时间：0.217012s][吞吐率：4.61req/s] [内存消耗：3,172.59kb] [文件加载：60]
[ sql ] [ DB ] CONNECT:[ UseTime:0.001000s ] mysql:host=127.0.0.1;port=3306;dbname=zerg;charset=utf8
[ sql ] [ SQL ] SHOW COLUMNS FROM `banner` [ RunTime:0.018001s ]
[ sql ] [ SQL ] SELECT * FROM `banner` WHERE  `id` = 1 [ RunTime:0.007001s ]
[ sql ] [ SQL ] SHOW COLUMNS FROM `banner_item` [ RunTime:0.016001s ]
[ sql ] [ SQL ] SELECT * FROM `banner_item` WHERE  `banner_id` IN (1) [ RunTime:0.001000s ]
[ sql ] [ SQL ] SELECT * FROM `banner_item` WHERE  `banner_id` IN (1) [ RunTime:0.001000s ]
[ sql ] [ SQL ] SHOW COLUMNS FROM `image` [ RunTime:0.017000s ]
[ sql ] [ SQL ] SELECT * FROM `image` WHERE  `id` IN (65,2,3,1) [ RunTime:0.001000s ]
---------------------------------------------------------------
[ 2018-06-13T21:52:31+08:00 ] 127.0.0.1 GET /api/v1/banner/1
[ info ] ceshi.cn/api/v1/banner/1 [运行时间：0.159009s][吞吐率：6.29req/s] [内存消耗：3,172.59kb] [文件加载：60]
[ sql ] [ DB ] CONNECT:[ UseTime:0.001000s ] mysql:host=127.0.0.1;port=3306;dbname=zerg;charset=utf8
[ sql ] [ SQL ] SHOW COLUMNS FROM `banner` [ RunTime:0.014000s ]
[ sql ] [ SQL ] SELECT * FROM `banner` WHERE  `id` = 1 [ RunTime:0.001001s ]
[ sql ] [ SQL ] SHOW COLUMNS FROM `banner_item` [ RunTime:0.014000s ]
[ sql ] [ SQL ] SELECT * FROM `banner_item` WHERE  `banner_id` IN (1) [ RunTime:0.001001s ]
[ sql ] [ SQL ] SELECT * FROM `banner_item` WHERE  `banner_id` IN (1) [ RunTime:0.001000s ]
[ sql ] [ SQL ] SHOW COLUMNS FROM `image` [ RunTime:0.016001s ]
[ sql ] [ SQL ] SELECT * FROM `image` WHERE  `id` IN (65,2,3,1) [ RunTime:0.001001s ]
---------------------------------------------------------------
[ 2018-06-13T21:53:20+08:00 ] 127.0.0.1 GET /api/v1/banner/1
[ info ] ceshi.cn/api/v1/banner/1 [运行时间：0.189011s][吞吐率：5.29req/s] [内存消耗：3,172.59kb] [文件加载：60]
[ sql ] [ DB ] CONNECT:[ UseTime:0.001000s ] mysql:host=127.0.0.1;port=3306;dbname=zerg;charset=utf8
[ sql ] [ SQL ] SHOW COLUMNS FROM `banner` [ RunTime:0.025001s ]
[ sql ] [ SQL ] SELECT * FROM `banner` WHERE  `id` = 1 [ RunTime:0.000000s ]
[ sql ] [ SQL ] SHOW COLUMNS FROM `banner_item` [ RunTime:0.029001s ]
[ sql ] [ SQL ] SELECT * FROM `banner_item` WHERE  `banner_id` IN (1) [ RunTime:0.000000s ]
[ sql ] [ SQL ] SELECT * FROM `banner_item` WHERE  `banner_id` IN (1) [ RunTime:0.001000s ]
[ sql ] [ SQL ] SHOW COLUMNS FROM `image` [ RunTime:0.027001s ]
[ sql ] [ SQL ] SELECT * FROM `image` WHERE  `id` IN (65,2,3,1) [ RunTime:0.001000s ]
---------------------------------------------------------------
[ 2018-06-13T21:54:16+08:00 ] 127.0.0.1 GET /api/v1/banner/1
[ info ] ceshi.cn/api/v1/banner/1 [运行时间：0.214012s][吞吐率：4.67req/s] [内存消耗：3,172.59kb] [文件加载：60]
[ sql ] [ DB ] CONNECT:[ UseTime:0.002000s ] mysql:host=127.0.0.1;port=3306;dbname=zerg;charset=utf8
[ sql ] [ SQL ] SHOW COLUMNS FROM `banner` [ RunTime:0.031002s ]
[ sql ] [ SQL ] SELECT * FROM `banner` WHERE  `id` = 1 [ RunTime:0.001000s ]
[ sql ] [ SQL ] SHOW COLUMNS FROM `banner_item` [ RunTime:0.032002s ]
[ sql ] [ SQL ] SELECT * FROM `banner_item` WHERE  `banner_id` IN (1) [ RunTime:0.001000s ]
[ sql ] [ SQL ] SELECT * FROM `banner_item` WHERE  `banner_id` IN (1) [ RunTime:0.003001s ]
[ sql ] [ SQL ] SHOW COLUMNS FROM `image` [ RunTime:0.027001s ]
[ sql ] [ SQL ] SELECT * FROM `image` WHERE  `id` IN (65,2,3,1) [ RunTime:0.000000s ]
---------------------------------------------------------------
[ 2018-06-13T21:54:42+08:00 ] 127.0.0.1 GET /api/v1/banner/1
[ info ] ceshi.cn/api/v1/banner/1 [运行时间：0.190011s][吞吐率：5.26req/s] [内存消耗：3,172.59kb] [文件加载：60]
[ sql ] [ DB ] CONNECT:[ UseTime:0.002000s ] mysql:host=127.0.0.1;port=3306;dbname=zerg;charset=utf8
[ sql ] [ SQL ] SHOW COLUMNS FROM `banner` [ RunTime:0.028002s ]
[ sql ] [ SQL ] SELECT * FROM `banner` WHERE  `id` = 1 [ RunTime:0.001000s ]
[ sql ] [ SQL ] SHOW COLUMNS FROM `banner_item` [ RunTime:0.025001s ]
[ sql ] [ SQL ] SELECT * FROM `banner_item` WHERE  `banner_id` IN (1) [ RunTime:0.001000s ]
[ sql ] [ SQL ] SELECT * FROM `banner_item` WHERE  `banner_id` IN (1) [ RunTime:0.000000s ]
[ sql ] [ SQL ] SHOW COLUMNS FROM `image` [ RunTime:0.028002s ]
[ sql ] [ SQL ] SELECT * FROM `image` WHERE  `id` IN (65,2,3,1) [ RunTime:0.001000s ]
---------------------------------------------------------------
[ 2018-06-13T21:54:54+08:00 ] 127.0.0.1 GET /api/v1/banner/1
[ info ] ceshi.cn/api/v1/banner/1 [运行时间：0.196011s][吞吐率：5.10req/s] [内存消耗：3,172.59kb] [文件加载：60]
[ sql ] [ DB ] CONNECT:[ UseTime:0.001000s ] mysql:host=127.0.0.1;port=3306;dbname=zerg;charset=utf8
[ sql ] [ SQL ] SHOW COLUMNS FROM `banner` [ RunTime:0.023002s ]
[ sql ] [ SQL ] SELECT * FROM `banner` WHERE  `id` = 1 [ RunTime:0.001000s ]
[ sql ] [ SQL ] SHOW COLUMNS FROM `banner_item` [ RunTime:0.013001s ]
[ sql ] [ SQL ] SELECT * FROM `banner_item` WHERE  `banner_id` IN (1) [ RunTime:0.001000s ]
[ sql ] [ SQL ] SELECT * FROM `banner_item` WHERE  `banner_id` IN (1) [ RunTime:0.001000s ]
[ sql ] [ SQL ] SHOW COLUMNS FROM `image` [ RunTime:0.025002s ]
[ sql ] [ SQL ] SELECT * FROM `image` WHERE  `id` IN (65,2,3,1) [ RunTime:0.001000s ]
---------------------------------------------------------------
[ 2018-06-13T21:55:16+08:00 ] 127.0.0.1 GET /api/v1/banner/1
[ info ] ceshi.cn/api/v1/banner/1 [运行时间：0.182011s][吞吐率：5.49req/s] [内存消耗：3,172.59kb] [文件加载：60]
[ sql ] [ DB ] CONNECT:[ UseTime:0.011001s ] mysql:host=127.0.0.1;port=3306;dbname=zerg;charset=utf8
[ sql ] [ SQL ] SHOW COLUMNS FROM `banner` [ RunTime:0.025002s ]
[ sql ] [ SQL ] SELECT * FROM `banner` WHERE  `id` = 1 [ RunTime:0.001000s ]
[ sql ] [ SQL ] SHOW COLUMNS FROM `banner_item` [ RunTime:0.019001s ]
[ sql ] [ SQL ] SELECT * FROM `banner_item` WHERE  `banner_id` IN (1) [ RunTime:0.001000s ]
[ sql ] [ SQL ] SELECT * FROM `banner_item` WHERE  `banner_id` IN (1) [ RunTime:0.001000s ]
[ sql ] [ SQL ] SHOW COLUMNS FROM `image` [ RunTime:0.030001s ]
[ sql ] [ SQL ] SELECT * FROM `image` WHERE  `id` IN (65,2,3,1) [ RunTime:0.001000s ]
---------------------------------------------------------------
[ 2018-06-13T21:55:30+08:00 ] 127.0.0.1 GET /api/v1/banner/1
[ info ] ceshi.cn/api/v1/banner/1 [运行时间：0.244014s][吞吐率：4.10req/s] [内存消耗：3,172.59kb] [文件加载：60]
[ sql ] [ DB ] CONNECT:[ UseTime:0.003000s ] mysql:host=127.0.0.1;port=3306;dbname=zerg;charset=utf8
[ sql ] [ SQL ] SHOW COLUMNS FROM `banner` [ RunTime:0.029001s ]
[ sql ] [ SQL ] SELECT * FROM `banner` WHERE  `id` = 1 [ RunTime:0.001000s ]
[ sql ] [ SQL ] SHOW COLUMNS FROM `banner_item` [ RunTime:0.027001s ]
[ sql ] [ SQL ] SELECT * FROM `banner_item` WHERE  `banner_id` IN (1) [ RunTime:0.001000s ]
[ sql ] [ SQL ] SELECT * FROM `banner_item` WHERE  `banner_id` IN (1) [ RunTime:0.001001s ]
[ sql ] [ SQL ] SHOW COLUMNS FROM `image` [ RunTime:0.024001s ]
[ sql ] [ SQL ] SELECT * FROM `image` WHERE  `id` IN (65,2,3,1) [ RunTime:0.001000s ]
---------------------------------------------------------------
[ 2018-06-13T21:55:41+08:00 ] 127.0.0.1 GET /api/v1/banner/1
[ info ] ceshi.cn/api/v1/banner/1 [运行时间：0.142008s][吞吐率：7.04req/s] [内存消耗：3,172.59kb] [文件加载：60]
[ sql ] [ DB ] CONNECT:[ UseTime:0.002000s ] mysql:host=127.0.0.1;port=3306;dbname=zerg;charset=utf8
[ sql ] [ SQL ] SHOW COLUMNS FROM `banner` [ RunTime:0.016001s ]
[ sql ] [ SQL ] SELECT * FROM `banner` WHERE  `id` = 1 [ RunTime:0.001000s ]
[ sql ] [ SQL ] SHOW COLUMNS FROM `banner_item` [ RunTime:0.014001s ]
[ sql ] [ SQL ] SELECT * FROM `banner_item` WHERE  `banner_id` IN (1) [ RunTime:0.001000s ]
[ sql ] [ SQL ] SELECT * FROM `banner_item` WHERE  `banner_id` IN (1) [ RunTime:0.001000s ]
[ sql ] [ SQL ] SHOW COLUMNS FROM `image` [ RunTime:0.020001s ]
[ sql ] [ SQL ] SELECT * FROM `image` WHERE  `id` IN (65,2,3,1) [ RunTime:0.001000s ]
---------------------------------------------------------------
[ 2018-06-13T21:56:00+08:00 ] 127.0.0.1 GET /api/v1/banner/1
[ info ] ceshi.cn/api/v1/banner/1 [运行时间：0.153009s][吞吐率：6.54req/s] [内存消耗：3,172.59kb] [文件加载：60]
[ sql ] [ DB ] CONNECT:[ UseTime:0.011001s ] mysql:host=127.0.0.1;port=3306;dbname=zerg;charset=utf8
[ sql ] [ SQL ] SHOW COLUMNS FROM `banner` [ RunTime:0.018001s ]
[ sql ] [ SQL ] SELECT * FROM `banner` WHERE  `id` = 1 [ RunTime:0.001000s ]
[ sql ] [ SQL ] SHOW COLUMNS FROM `banner_item` [ RunTime:0.020001s ]
[ sql ] [ SQL ] SELECT * FROM `banner_item` WHERE  `banner_id` IN (1) [ RunTime:0.000000s ]
[ sql ] [ SQL ] SELECT * FROM `banner_item` WHERE  `banner_id` IN (1) [ RunTime:0.001000s ]
[ sql ] [ SQL ] SHOW COLUMNS FROM `image` [ RunTime:0.016000s ]
[ sql ] [ SQL ] SELECT * FROM `image` WHERE  `id` IN (65,2,3,1) [ RunTime:0.000000s ]
---------------------------------------------------------------
[ 2018-06-13T21:56:48+08:00 ] 127.0.0.1 GET /api/v1/banner/1
[ info ] ceshi.cn/api/v1/banner/1 [运行时间：0.152008s][吞吐率：6.58req/s] [内存消耗：3,172.59kb] [文件加载：60]
[ sql ] [ DB ] CONNECT:[ UseTime:0.002000s ] mysql:host=127.0.0.1;port=3306;dbname=zerg;charset=utf8
[ sql ] [ SQL ] SHOW COLUMNS FROM `banner` [ RunTime:0.017001s ]
[ sql ] [ SQL ] SELECT * FROM `banner` WHERE  `id` = 1 [ RunTime:0.000000s ]
[ sql ] [ SQL ] SHOW COLUMNS FROM `banner_item` [ RunTime:0.014001s ]
[ sql ] [ SQL ] SELECT * FROM `banner_item` WHERE  `banner_id` IN (1) [ RunTime:0.000000s ]
[ sql ] [ SQL ] SELECT * FROM `banner_item` WHERE  `banner_id` IN (1) [ RunTime:0.001000s ]
[ sql ] [ SQL ] SHOW COLUMNS FROM `image` [ RunTime:0.013001s ]
[ sql ] [ SQL ] SELECT * FROM `image` WHERE  `id` IN (65,2,3,1) [ RunTime:0.001000s ]
---------------------------------------------------------------
[ 2018-06-13T21:56:58+08:00 ] 127.0.0.1 GET /api/v1/banner/1
[ info ] ceshi.cn/api/v1/banner/1 [运行时间：0.162009s][吞吐率：6.17req/s] [内存消耗：3,172.59kb] [文件加载：60]
[ sql ] [ DB ] CONNECT:[ UseTime:0.002000s ] mysql:host=127.0.0.1;port=3306;dbname=zerg;charset=utf8
[ sql ] [ SQL ] SHOW COLUMNS FROM `banner` [ RunTime:0.013001s ]
[ sql ] [ SQL ] SELECT * FROM `banner` WHERE  `id` = 1 [ RunTime:0.001000s ]
[ sql ] [ SQL ] SHOW COLUMNS FROM `banner_item` [ RunTime:0.013001s ]
[ sql ] [ SQL ] SELECT * FROM `banner_item` WHERE  `banner_id` IN (1) [ RunTime:0.001000s ]
[ sql ] [ SQL ] SELECT * FROM `banner_item` WHERE  `banner_id` IN (1) [ RunTime:0.001000s ]
[ sql ] [ SQL ] SHOW COLUMNS FROM `image` [ RunTime:0.013001s ]
[ sql ] [ SQL ] SELECT * FROM `image` WHERE  `id` IN (65,2,3,1) [ RunTime:0.000000s ]
---------------------------------------------------------------
[ 2018-06-13T21:57:31+08:00 ] 127.0.0.1 GET /api/v1/banner/1
[ info ] ceshi.cn/api/v1/banner/1 [运行时间：0.212012s][吞吐率：4.72req/s] [内存消耗：3,172.59kb] [文件加载：60]
[ sql ] [ DB ] CONNECT:[ UseTime:0.002000s ] mysql:host=127.0.0.1;port=3306;dbname=zerg;charset=utf8
[ sql ] [ SQL ] SHOW COLUMNS FROM `banner` [ RunTime:0.015001s ]
[ sql ] [ SQL ] SELECT * FROM `banner` WHERE  `id` = 1 [ RunTime:0.001000s ]
[ sql ] [ SQL ] SHOW COLUMNS FROM `banner_item` [ RunTime:0.012001s ]
[ sql ] [ SQL ] SELECT * FROM `banner_item` WHERE  `banner_id` IN (1) [ RunTime:0.000000s ]
[ sql ] [ SQL ] SELECT * FROM `banner_item` WHERE  `banner_id` IN (1) [ RunTime:0.000000s ]
[ sql ] [ SQL ] SHOW COLUMNS FROM `image` [ RunTime:0.013000s ]
[ sql ] [ SQL ] SELECT * FROM `image` WHERE  `id` IN (65,2,3,1) [ RunTime:0.001000s ]
---------------------------------------------------------------
[ 2018-06-13T21:57:50+08:00 ] 127.0.0.1 GET /api/v1/banner/1
[ info ] ceshi.cn/api/v1/banner/1 [运行时间：0.160009s][吞吐率：6.25req/s] [内存消耗：3,172.59kb] [文件加载：60]
[ sql ] [ DB ] CONNECT:[ UseTime:0.001001s ] mysql:host=127.0.0.1;port=3306;dbname=zerg;charset=utf8
[ sql ] [ SQL ] SHOW COLUMNS FROM `banner` [ RunTime:0.024001s ]
[ sql ] [ SQL ] SELECT * FROM `banner` WHERE  `id` = 1 [ RunTime:0.000000s ]
[ sql ] [ SQL ] SHOW COLUMNS FROM `banner_item` [ RunTime:0.030002s ]
[ sql ] [ SQL ] SELECT * FROM `banner_item` WHERE  `banner_id` IN (1) [ RunTime:0.001000s ]
[ sql ] [ SQL ] SELECT * FROM `banner_item` WHERE  `banner_id` IN (1) [ RunTime:0.001000s ]
[ sql ] [ SQL ] SHOW COLUMNS FROM `image` [ RunTime:0.024001s ]
[ sql ] [ SQL ] SELECT * FROM `image` WHERE  `id` IN (65,2,3,1) [ RunTime:0.002000s ]
---------------------------------------------------------------
[ 2018-06-13T21:57:57+08:00 ] 127.0.0.1 GET /api/v1/banner/1
[ info ] ceshi.cn/api/v1/banner/1 [运行时间：0.307017s][吞吐率：3.26req/s] [内存消耗：3,172.59kb] [文件加载：60]
[ sql ] [ DB ] CONNECT:[ UseTime:0.005000s ] mysql:host=127.0.0.1;port=3306;dbname=zerg;charset=utf8
[ sql ] [ SQL ] SHOW COLUMNS FROM `banner` [ RunTime:0.023002s ]
[ sql ] [ SQL ] SELECT * FROM `banner` WHERE  `id` = 1 [ RunTime:0.001000s ]
[ sql ] [ SQL ] SHOW COLUMNS FROM `banner_item` [ RunTime:0.015001s ]
[ sql ] [ SQL ] SELECT * FROM `banner_item` WHERE  `banner_id` IN (1) [ RunTime:0.018001s ]
[ sql ] [ SQL ] SELECT * FROM `banner_item` WHERE  `banner_id` IN (1) [ RunTime:0.011000s ]
[ sql ] [ SQL ] SHOW COLUMNS FROM `image` [ RunTime:0.014000s ]
[ sql ] [ SQL ] SELECT * FROM `image` WHERE  `id` IN (65,2,3,1) [ RunTime:0.001000s ]
---------------------------------------------------------------
[ 2018-06-13T21:58:17+08:00 ] 127.0.0.1 GET /api/v1/banner/1
[ info ] ceshi.cn/api/v1/banner/1 [运行时间：0.215013s][吞吐率：4.65req/s] [内存消耗：3,172.59kb] [文件加载：60]
[ sql ] [ DB ] CONNECT:[ UseTime:0.001000s ] mysql:host=127.0.0.1;port=3306;dbname=zerg;charset=utf8
[ sql ] [ SQL ] SHOW COLUMNS FROM `banner` [ RunTime:0.029001s ]
[ sql ] [ SQL ] SELECT * FROM `banner` WHERE  `id` = 1 [ RunTime:0.001000s ]
[ sql ] [ SQL ] SHOW COLUMNS FROM `banner_item` [ RunTime:0.027001s ]
[ sql ] [ SQL ] SELECT * FROM `banner_item` WHERE  `banner_id` IN (1) [ RunTime:0.002000s ]
[ sql ] [ SQL ] SELECT * FROM `banner_item` WHERE  `banner_id` IN (1) [ RunTime:0.001000s ]
[ sql ] [ SQL ] SHOW COLUMNS FROM `image` [ RunTime:0.032002s ]
[ sql ] [ SQL ] SELECT * FROM `image` WHERE  `id` IN (65,2,3,1) [ RunTime:0.001000s ]
---------------------------------------------------------------
[ 2018-06-13T21:58:22+08:00 ] 127.0.0.1 GET /api/v1/banner/1
[ info ] ceshi.cn/api/v1/banner/1 [运行时间：0.251015s][吞吐率：3.98req/s] [内存消耗：3,172.59kb] [文件加载：60]
[ sql ] [ DB ] CONNECT:[ UseTime:0.002000s ] mysql:host=127.0.0.1;port=3306;dbname=zerg;charset=utf8
[ sql ] [ SQL ] SHOW COLUMNS FROM `banner` [ RunTime:0.032002s ]
[ sql ] [ SQL ] SELECT * FROM `banner` WHERE  `id` = 1 [ RunTime:0.001000s ]
[ sql ] [ SQL ] SHOW COLUMNS FROM `banner_item` [ RunTime:0.030002s ]
[ sql ] [ SQL ] SELECT * FROM `banner_item` WHERE  `banner_id` IN (1) [ RunTime:0.000000s ]
[ sql ] [ SQL ] SELECT * FROM `banner_item` WHERE  `banner_id` IN (1) [ RunTime:0.000000s ]
[ sql ] [ SQL ] SHOW COLUMNS FROM `image` [ RunTime:0.027002s ]
[ sql ] [ SQL ] SELECT * FROM `image` WHERE  `id` IN (65,2,3,1) [ RunTime:0.002000s ]
---------------------------------------------------------------
[ 2018-06-13T21:58:23+08:00 ] 127.0.0.1 GET /api/v1/banner/1
[ info ] ceshi.cn/api/v1/banner/1 [运行时间：0.239014s][吞吐率：4.18req/s] [内存消耗：3,172.59kb] [文件加载：60]
[ sql ] [ DB ] CONNECT:[ UseTime:0.003000s ] mysql:host=127.0.0.1;port=3306;dbname=zerg;charset=utf8
[ sql ] [ SQL ] SHOW COLUMNS FROM `banner` [ RunTime:0.027002s ]
[ sql ] [ SQL ] SELECT * FROM `banner` WHERE  `id` = 1 [ RunTime:0.001000s ]
[ sql ] [ SQL ] SHOW COLUMNS FROM `banner_item` [ RunTime:0.024001s ]
[ sql ] [ SQL ] SELECT * FROM `banner_item` WHERE  `banner_id` IN (1) [ RunTime:0.000000s ]
[ sql ] [ SQL ] SELECT * FROM `banner_item` WHERE  `banner_id` IN (1) [ RunTime:0.001000s ]
[ sql ] [ SQL ] SHOW COLUMNS FROM `image` [ RunTime:0.027001s ]
[ sql ] [ SQL ] SELECT * FROM `image` WHERE  `id` IN (65,2,3,1) [ RunTime:0.001000s ]
---------------------------------------------------------------
[ 2018-06-13T21:58:39+08:00 ] 127.0.0.1 GET /api/v1/banner/1
[ info ] ceshi.cn/api/v1/banner/1 [运行时间：0.219013s][吞吐率：4.57req/s] [内存消耗：3,172.59kb] [文件加载：60]
[ sql ] [ DB ] CONNECT:[ UseTime:0.002000s ] mysql:host=127.0.0.1;port=3306;dbname=zerg;charset=utf8
[ sql ] [ SQL ] SHOW COLUMNS FROM `banner` [ RunTime:0.023001s ]
[ sql ] [ SQL ] SELECT * FROM `banner` WHERE  `id` = 1 [ RunTime:0.001000s ]
[ sql ] [ SQL ] SHOW COLUMNS FROM `banner_item` [ RunTime:0.025001s ]
[ sql ] [ SQL ] SELECT * FROM `banner_item` WHERE  `banner_id` IN (1) [ RunTime:0.000000s ]
[ sql ] [ SQL ] SELECT * FROM `banner_item` WHERE  `banner_id` IN (1) [ RunTime:0.001000s ]
[ sql ] [ SQL ] SHOW COLUMNS FROM `image` [ RunTime:0.025001s ]
[ sql ] [ SQL ] SELECT * FROM `image` WHERE  `id` IN (65,2,3,1) [ RunTime:0.001000s ]
---------------------------------------------------------------
[ 2018-06-13T21:58:53+08:00 ] 127.0.0.1 GET /api/v1/banner/1
[ info ] ceshi.cn/api/v1/banner/1 [运行时间：0.220013s][吞吐率：4.55req/s] [内存消耗：3,172.59kb] [文件加载：60]
[ sql ] [ DB ] CONNECT:[ UseTime:0.002001s ] mysql:host=127.0.0.1;port=3306;dbname=zerg;charset=utf8
[ sql ] [ SQL ] SHOW COLUMNS FROM `banner` [ RunTime:0.028001s ]
[ sql ] [ SQL ] SELECT * FROM `banner` WHERE  `id` = 1 [ RunTime:0.001000s ]
[ sql ] [ SQL ] SHOW COLUMNS FROM `banner_item` [ RunTime:0.028002s ]
[ sql ] [ SQL ] SELECT * FROM `banner_item` WHERE  `banner_id` IN (1) [ RunTime:0.001000s ]
[ sql ] [ SQL ] SELECT * FROM `banner_item` WHERE  `banner_id` IN (1) [ RunTime:0.001000s ]
[ sql ] [ SQL ] SHOW COLUMNS FROM `image` [ RunTime:0.022002s ]
[ sql ] [ SQL ] SELECT * FROM `image` WHERE  `id` IN (65,2,3,1) [ RunTime:0.005000s ]
---------------------------------------------------------------
[ 2018-06-13T21:58:57+08:00 ] 127.0.0.1 GET /api/v1/banner/1
[ info ] ceshi.cn/api/v1/banner/1 [运行时间：0.235013s][吞吐率：4.26req/s] [内存消耗：3,172.59kb] [文件加载：60]
[ sql ] [ DB ] CONNECT:[ UseTime:0.002000s ] mysql:host=127.0.0.1;port=3306;dbname=zerg;charset=utf8
[ sql ] [ SQL ] SHOW COLUMNS FROM `banner` [ RunTime:0.017001s ]
[ sql ] [ SQL ] SELECT * FROM `banner` WHERE  `id` = 1 [ RunTime:0.003001s ]
[ sql ] [ SQL ] SHOW COLUMNS FROM `banner_item` [ RunTime:0.012000s ]
[ sql ] [ SQL ] SELECT * FROM `banner_item` WHERE  `banner_id` IN (1) [ RunTime:0.004001s ]
[ sql ] [ SQL ] SELECT * FROM `banner_item` WHERE  `banner_id` IN (1) [ RunTime:0.002000s ]
[ sql ] [ SQL ] SHOW COLUMNS FROM `image` [ RunTime:0.011000s ]
[ sql ] [ SQL ] SELECT * FROM `image` WHERE  `id` IN (65,2,3,1) [ RunTime:0.040003s ]
---------------------------------------------------------------
[ 2018-06-13T21:59:05+08:00 ] 127.0.0.1 GET /api/v1/banner/1
[ info ] ceshi.cn/api/v1/banner/1 [运行时间：0.210012s][吞吐率：4.76req/s] [内存消耗：3,172.59kb] [文件加载：60]
[ sql ] [ DB ] CONNECT:[ UseTime:0.002000s ] mysql:host=127.0.0.1;port=3306;dbname=zerg;charset=utf8
[ sql ] [ SQL ] SHOW COLUMNS FROM `banner` [ RunTime:0.020001s ]
[ sql ] [ SQL ] SELECT * FROM `banner` WHERE  `id` = 1 [ RunTime:0.001000s ]
[ sql ] [ SQL ] SHOW COLUMNS FROM `banner_item` [ RunTime:0.017001s ]
[ sql ] [ SQL ] SELECT * FROM `banner_item` WHERE  `banner_id` IN (1) [ RunTime:0.001000s ]
[ sql ] [ SQL ] SELECT * FROM `banner_item` WHERE  `banner_id` IN (1) [ RunTime:0.001000s ]
[ sql ] [ SQL ] SHOW COLUMNS FROM `image` [ RunTime:0.013001s ]
[ sql ] [ SQL ] SELECT * FROM `image` WHERE  `id` IN (65,2,3,1) [ RunTime:0.001000s ]
---------------------------------------------------------------
[ 2018-06-13T21:59:10+08:00 ] 127.0.0.1 GET /api/v1/banner/1
[ info ] ceshi.cn/api/v1/banner/1 [运行时间：0.216012s][吞吐率：4.63req/s] [内存消耗：3,172.59kb] [文件加载：60]
[ sql ] [ DB ] CONNECT:[ UseTime:0.011001s ] mysql:host=127.0.0.1;port=3306;dbname=zerg;charset=utf8
[ sql ] [ SQL ] SHOW COLUMNS FROM `banner` [ RunTime:0.016001s ]
[ sql ] [ SQL ] SELECT * FROM `banner` WHERE  `id` = 1 [ RunTime:0.000000s ]
[ sql ] [ SQL ] SHOW COLUMNS FROM `banner_item` [ RunTime:0.016001s ]
[ sql ] [ SQL ] SELECT * FROM `banner_item` WHERE  `banner_id` IN (1) [ RunTime:0.001000s ]
[ sql ] [ SQL ] SELECT * FROM `banner_item` WHERE  `banner_id` IN (1) [ RunTime:0.001000s ]
[ sql ] [ SQL ] SHOW COLUMNS FROM `image` [ RunTime:0.017001s ]
[ sql ] [ SQL ] SELECT * FROM `image` WHERE  `id` IN (65,2,3,1) [ RunTime:0.001001s ]
---------------------------------------------------------------
[ 2018-06-13T21:59:12+08:00 ] 127.0.0.1 GET /api/v1/banner/1
[ info ] ceshi.cn/api/v1/banner/1 [运行时间：0.149009s][吞吐率：6.71req/s] [内存消耗：3,172.59kb] [文件加载：60]
[ sql ] [ DB ] CONNECT:[ UseTime:0.001000s ] mysql:host=127.0.0.1;port=3306;dbname=zerg;charset=utf8
[ sql ] [ SQL ] SHOW COLUMNS FROM `banner` [ RunTime:0.015001s ]
[ sql ] [ SQL ] SELECT * FROM `banner` WHERE  `id` = 1 [ RunTime:0.000000s ]
[ sql ] [ SQL ] SHOW COLUMNS FROM `banner_item` [ RunTime:0.014001s ]
[ sql ] [ SQL ] SELECT * FROM `banner_item` WHERE  `banner_id` IN (1) [ RunTime:0.000000s ]
[ sql ] [ SQL ] SELECT * FROM `banner_item` WHERE  `banner_id` IN (1) [ RunTime:0.002000s ]
[ sql ] [ SQL ] SHOW COLUMNS FROM `image` [ RunTime:0.012000s ]
[ sql ] [ SQL ] SELECT * FROM `image` WHERE  `id` IN (65,2,3,1) [ RunTime:0.001000s ]
---------------------------------------------------------------
[ 2018-06-13T22:02:31+08:00 ] 127.0.0.1 GET /api/v1/banner/1
[ info ] ceshi.cn/api/v1/banner/1 [运行时间：0.152009s][吞吐率：6.58req/s] [内存消耗：3,172.59kb] [文件加载：60]
[ sql ] [ DB ] CONNECT:[ UseTime:0.001000s ] mysql:host=127.0.0.1;port=3306;dbname=zerg;charset=utf8
[ sql ] [ SQL ] SHOW COLUMNS FROM `banner` [ RunTime:0.017001s ]
[ sql ] [ SQL ] SELECT * FROM `banner` WHERE  `id` = 1 [ RunTime:0.001000s ]
[ sql ] [ SQL ] SHOW COLUMNS FROM `banner_item` [ RunTime:0.017001s ]
[ sql ] [ SQL ] SELECT * FROM `banner_item` WHERE  `banner_id` IN (1) [ RunTime:0.001000s ]
[ sql ] [ SQL ] SELECT * FROM `banner_item` WHERE  `banner_id` IN (1) [ RunTime:0.001000s ]
[ sql ] [ SQL ] SHOW COLUMNS FROM `image` [ RunTime:0.017000s ]
[ sql ] [ SQL ] SELECT * FROM `image` WHERE  `id` IN (65,2,3,1) [ RunTime:0.001000s ]
---------------------------------------------------------------
[ 2018-06-13T22:03:55+08:00 ] 127.0.0.1 GET /api/v1/banner/1
[ info ] ceshi.cn/api/v1/banner/1 [运行时间：0.207012s][吞吐率：4.83req/s] [内存消耗：3,172.59kb] [文件加载：60]
[ sql ] [ DB ] CONNECT:[ UseTime:0.002000s ] mysql:host=127.0.0.1;port=3306;dbname=zerg;charset=utf8
[ sql ] [ SQL ] SHOW COLUMNS FROM `banner` [ RunTime:0.017001s ]
[ sql ] [ SQL ] SELECT * FROM `banner` WHERE  `id` = 1 [ RunTime:0.001000s ]
[ sql ] [ SQL ] SHOW COLUMNS FROM `banner_item` [ RunTime:0.017001s ]
[ sql ] [ SQL ] SELECT * FROM `banner_item` WHERE  `banner_id` IN (1) [ RunTime:0.001000s ]
[ sql ] [ SQL ] SELECT * FROM `banner_item` WHERE  `banner_id` IN (1) [ RunTime:0.000000s ]
[ sql ] [ SQL ] SHOW COLUMNS FROM `image` [ RunTime:0.018001s ]
[ sql ] [ SQL ] SELECT * FROM `image` WHERE  `id` IN (65,2,3,1) [ RunTime:0.001000s ]
---------------------------------------------------------------
[ 2018-06-13T22:04:01+08:00 ] 127.0.0.1 GET /api/v1/banner/1
[ info ] ceshi.cn/api/v1/banner/1 [运行时间：0.203012s][吞吐率：4.93req/s] [内存消耗：3,172.59kb] [文件加载：60]
[ sql ] [ DB ] CONNECT:[ UseTime:0.001000s ] mysql:host=127.0.0.1;port=3306;dbname=zerg;charset=utf8
[ sql ] [ SQL ] SHOW COLUMNS FROM `banner` [ RunTime:0.017001s ]
[ sql ] [ SQL ] SELECT * FROM `banner` WHERE  `id` = 1 [ RunTime:0.000000s ]
[ sql ] [ SQL ] SHOW COLUMNS FROM `banner_item` [ RunTime:0.018001s ]
[ sql ] [ SQL ] SELECT * FROM `banner_item` WHERE  `banner_id` IN (1) [ RunTime:0.001000s ]
[ sql ] [ SQL ] SELECT * FROM `banner_item` WHERE  `banner_id` IN (1) [ RunTime:0.001000s ]
[ sql ] [ SQL ] SHOW COLUMNS FROM `image` [ RunTime:0.024001s ]
[ sql ] [ SQL ] SELECT * FROM `image` WHERE  `id` IN (65,2,3,1) [ RunTime:0.001000s ]
---------------------------------------------------------------
[ 2018-06-13T22:04:38+08:00 ] 127.0.0.1 GET /api/v1/banner/1
[ info ] ceshi.cn/api/v1/banner/1 [运行时间：0.252015s][吞吐率：3.97req/s] [内存消耗：3,172.59kb] [文件加载：60]
[ sql ] [ DB ] CONNECT:[ UseTime:0.003001s ] mysql:host=127.0.0.1;port=3306;dbname=zerg;charset=utf8
[ sql ] [ SQL ] SHOW COLUMNS FROM `banner` [ RunTime:0.022001s ]
[ sql ] [ SQL ] SELECT * FROM `banner` WHERE  `id` = 1 [ RunTime:0.002001s ]
[ sql ] [ SQL ] SHOW COLUMNS FROM `banner_item` [ RunTime:0.021001s ]
[ sql ] [ SQL ] SELECT * FROM `banner_item` WHERE  `banner_id` IN (1) [ RunTime:0.001000s ]
[ sql ] [ SQL ] SELECT * FROM `banner_item` WHERE  `banner_id` IN (1) [ RunTime:0.001000s ]
[ sql ] [ SQL ] SHOW COLUMNS FROM `image` [ RunTime:0.020001s ]
[ sql ] [ SQL ] SELECT * FROM `image` WHERE  `id` IN (65,2,3,1) [ RunTime:0.001000s ]
---------------------------------------------------------------
[ 2018-06-13T22:06:07+08:00 ] 127.0.0.1 GET /api/v1/banner/1
[ info ] ceshi.cn/api/v1/banner/1 [运行时间：0.187010s][吞吐率：5.35req/s] [内存消耗：3,172.59kb] [文件加载：60]
[ sql ] [ DB ] CONNECT:[ UseTime:0.001000s ] mysql:host=127.0.0.1;port=3306;dbname=zerg;charset=utf8
[ sql ] [ SQL ] SHOW COLUMNS FROM `banner` [ RunTime:0.027002s ]
[ sql ] [ SQL ] SELECT * FROM `banner` WHERE  `id` = 1 [ RunTime:0.001000s ]
[ sql ] [ SQL ] SHOW COLUMNS FROM `banner_item` [ RunTime:0.029002s ]
[ sql ] [ SQL ] SELECT * FROM `banner_item` WHERE  `banner_id` IN (1) [ RunTime:0.000000s ]
[ sql ] [ SQL ] SELECT * FROM `banner_item` WHERE  `banner_id` IN (1) [ RunTime:0.001000s ]
[ sql ] [ SQL ] SHOW COLUMNS FROM `image` [ RunTime:0.027002s ]
[ sql ] [ SQL ] SELECT * FROM `image` WHERE  `id` IN (65,2,3,1) [ RunTime:0.001000s ]
---------------------------------------------------------------
[ 2018-06-13T22:06:41+08:00 ] 127.0.0.1 GET /api/v1/banner/1
[ info ] ceshi.cn/api/v1/banner/1 [运行时间：0.182011s][吞吐率：5.49req/s] [内存消耗：3,172.59kb] [文件加载：60]
[ sql ] [ DB ] CONNECT:[ UseTime:0.001000s ] mysql:host=127.0.0.1;port=3306;dbname=zerg;charset=utf8
[ sql ] [ SQL ] SHOW COLUMNS FROM `banner` [ RunTime:0.025001s ]
[ sql ] [ SQL ] SELECT * FROM `banner` WHERE  `id` = 1 [ RunTime:0.001000s ]
[ sql ] [ SQL ] SHOW COLUMNS FROM `banner_item` [ RunTime:0.027002s ]
[ sql ] [ SQL ] SELECT * FROM `banner_item` WHERE  `banner_id` IN (1) [ RunTime:0.002000s ]
[ sql ] [ SQL ] SELECT * FROM `banner_item` WHERE  `banner_id` IN (1) [ RunTime:0.001001s ]
[ sql ] [ SQL ] SHOW COLUMNS FROM `image` [ RunTime:0.027001s ]
[ sql ] [ SQL ] SELECT * FROM `image` WHERE  `id` IN (65,2,3,1) [ RunTime:0.001000s ]
---------------------------------------------------------------
[ 2018-06-13T22:07:42+08:00 ] 127.0.0.1 GET /api/v1/banner/1
[ info ] ceshi.cn/api/v1/banner/1 [运行时间：0.256014s][吞吐率：3.91req/s] [内存消耗：3,172.59kb] [文件加载：60]
[ sql ] [ DB ] CONNECT:[ UseTime:0.003000s ] mysql:host=127.0.0.1;port=3306;dbname=zerg;charset=utf8
[ sql ] [ SQL ] SHOW COLUMNS FROM `banner` [ RunTime:0.029001s ]
[ sql ] [ SQL ] SELECT * FROM `banner` WHERE  `id` = 1 [ RunTime:0.000000s ]
[ sql ] [ SQL ] SHOW COLUMNS FROM `banner_item` [ RunTime:0.030002s ]
[ sql ] [ SQL ] SELECT * FROM `banner_item` WHERE  `banner_id` IN (1) [ RunTime:0.001000s ]
[ sql ] [ SQL ] SELECT * FROM `banner_item` WHERE  `banner_id` IN (1) [ RunTime:0.001000s ]
[ sql ] [ SQL ] SHOW COLUMNS FROM `image` [ RunTime:0.032002s ]
[ sql ] [ SQL ] SELECT * FROM `image` WHERE  `id` IN (65,2,3,1) [ RunTime:0.001000s ]
---------------------------------------------------------------
[ 2018-06-13T22:09:03+08:00 ] 127.0.0.1 GET /api/v1/banner/1
[ info ] ceshi.cn/api/v1/banner/1 [运行时间：0.269016s][吞吐率：3.72req/s] [内存消耗：3,172.59kb] [文件加载：60]
[ sql ] [ DB ] CONNECT:[ UseTime:0.011001s ] mysql:host=127.0.0.1;port=3306;dbname=zerg;charset=utf8
[ sql ] [ SQL ] SHOW COLUMNS FROM `banner` [ RunTime:0.024001s ]
[ sql ] [ SQL ] SELECT * FROM `banner` WHERE  `id` = 1 [ RunTime:0.001000s ]
[ sql ] [ SQL ] SHOW COLUMNS FROM `banner_item` [ RunTime:0.030001s ]
[ sql ] [ SQL ] SELECT * FROM `banner_item` WHERE  `banner_id` IN (1) [ RunTime:0.001001s ]
[ sql ] [ SQL ] SELECT * FROM `banner_item` WHERE  `banner_id` IN (1) [ RunTime:0.001000s ]
[ sql ] [ SQL ] SHOW COLUMNS FROM `image` [ RunTime:0.029002s ]
[ sql ] [ SQL ] SELECT * FROM `image` WHERE  `id` IN (65,2,3,1) [ RunTime:0.001000s ]
---------------------------------------------------------------
[ 2018-06-13T22:13:34+08:00 ] 127.0.0.1 GET /api/v1/banner/1
[ info ] ceshi.cn/api/v1/banner/1 [运行时间：0.206012s][吞吐率：4.85req/s] [内存消耗：3,172.98kb] [文件加载：60]
[ sql ] [ DB ] CONNECT:[ UseTime:0.002000s ] mysql:host=127.0.0.1;port=3306;dbname=zerg;charset=utf8
[ sql ] [ SQL ] SHOW COLUMNS FROM `banner` [ RunTime:0.028002s ]
[ sql ] [ SQL ] SELECT * FROM `banner` WHERE  `id` = 1 [ RunTime:0.001000s ]
[ sql ] [ SQL ] SHOW COLUMNS FROM `banner_item` [ RunTime:0.032002s ]
[ sql ] [ SQL ] SELECT * FROM `banner_item` WHERE  `banner_id` IN (1) [ RunTime:0.002000s ]
[ sql ] [ SQL ] SELECT * FROM `banner_item` WHERE  `banner_id` IN (1) [ RunTime:0.001000s ]
[ sql ] [ SQL ] SHOW COLUMNS FROM `image` [ RunTime:0.030002s ]
[ sql ] [ SQL ] SELECT * FROM `image` WHERE  `id` IN (65,2,3,1) [ RunTime:0.001000s ]
---------------------------------------------------------------
[ 2018-06-13T22:13:53+08:00 ] 127.0.0.1 GET /api/v1/banner/1
[ info ] ceshi.cn/api/v1/banner/1 [运行时间：0.198011s][吞吐率：5.05req/s] [内存消耗：3,172.98kb] [文件加载：60]
[ sql ] [ DB ] CONNECT:[ UseTime:0.002000s ] mysql:host=127.0.0.1;port=3306;dbname=zerg;charset=utf8
[ sql ] [ SQL ] SHOW COLUMNS FROM `banner` [ RunTime:0.029002s ]
[ sql ] [ SQL ] SELECT * FROM `banner` WHERE  `id` = 1 [ RunTime:0.000000s ]
[ sql ] [ SQL ] SHOW COLUMNS FROM `banner_item` [ RunTime:0.029001s ]
[ sql ] [ SQL ] SELECT * FROM `banner_item` WHERE  `banner_id` IN (1) [ RunTime:0.001000s ]
[ sql ] [ SQL ] SELECT * FROM `banner_item` WHERE  `banner_id` IN (1) [ RunTime:0.000000s ]
[ sql ] [ SQL ] SHOW COLUMNS FROM `image` [ RunTime:0.024002s ]
[ sql ] [ SQL ] SELECT * FROM `image` WHERE  `id` IN (65,2,3,1) [ RunTime:0.001000s ]
---------------------------------------------------------------
[ 2018-06-13T22:14:53+08:00 ] 127.0.0.1 GET /api/v1/banner/1
[ info ] ceshi.cn/api/v1/banner/1 [运行时间：0.207012s][吞吐率：4.83req/s] [内存消耗：3,172.98kb] [文件加载：60]
[ sql ] [ DB ] CONNECT:[ UseTime:0.001000s ] mysql:host=127.0.0.1;port=3306;dbname=zerg;charset=utf8
[ sql ] [ SQL ] SHOW COLUMNS FROM `banner` [ RunTime:0.025001s ]
[ sql ] [ SQL ] SELECT * FROM `banner` WHERE  `id` = 1 [ RunTime:0.001000s ]
[ sql ] [ SQL ] SHOW COLUMNS FROM `banner_item` [ RunTime:0.029002s ]
[ sql ] [ SQL ] SELECT * FROM `banner_item` WHERE  `banner_id` IN (1) [ RunTime:0.002000s ]
[ sql ] [ SQL ] SELECT * FROM `banner_item` WHERE  `banner_id` IN (1) [ RunTime:0.000000s ]
[ sql ] [ SQL ] SHOW COLUMNS FROM `image` [ RunTime:0.025001s ]
[ sql ] [ SQL ] SELECT * FROM `image` WHERE  `id` IN (65,2,3,1) [ RunTime:0.001000s ]
---------------------------------------------------------------
[ 2018-06-13T22:14:59+08:00 ] 127.0.0.1 GET /api/v1/banner/1
[ info ] ceshi.cn/api/v1/banner/1 [运行时间：0.243014s][吞吐率：4.11req/s] [内存消耗：3,172.98kb] [文件加载：60]
[ sql ] [ DB ] CONNECT:[ UseTime:0.006000s ] mysql:host=127.0.0.1;port=3306;dbname=zerg;charset=utf8
[ sql ] [ SQL ] SHOW COLUMNS FROM `banner` [ RunTime:0.032002s ]
[ sql ] [ SQL ] SELECT * FROM `banner` WHERE  `id` = 1 [ RunTime:0.001000s ]
[ sql ] [ SQL ] SHOW COLUMNS FROM `banner_item` [ RunTime:0.031002s ]
[ sql ] [ SQL ] SELECT * FROM `banner_item` WHERE  `banner_id` IN (1) [ RunTime:0.001000s ]
[ sql ] [ SQL ] SELECT * FROM `banner_item` WHERE  `banner_id` IN (1) [ RunTime:0.001000s ]
[ sql ] [ SQL ] SHOW COLUMNS FROM `image` [ RunTime:0.032001s ]
[ sql ] [ SQL ] SELECT * FROM `image` WHERE  `id` IN (65,2,3,1) [ RunTime:0.001001s ]
---------------------------------------------------------------
[ 2018-06-13T22:15:55+08:00 ] 127.0.0.1 GET /api/v1/banner/1
[ info ] ceshi.cn/api/v1/banner/1 [运行时间：0.230014s][吞吐率：4.35req/s] [内存消耗：3,172.59kb] [文件加载：60]
[ sql ] [ DB ] CONNECT:[ UseTime:0.003000s ] mysql:host=127.0.0.1;port=3306;dbname=zerg;charset=utf8
[ sql ] [ SQL ] SHOW COLUMNS FROM `banner` [ RunTime:0.028001s ]
[ sql ] [ SQL ] SELECT * FROM `banner` WHERE  `id` = 1 [ RunTime:0.001000s ]
[ sql ] [ SQL ] SHOW COLUMNS FROM `banner_item` [ RunTime:0.029001s ]
[ sql ] [ SQL ] SELECT * FROM `banner_item` WHERE  `banner_id` IN (1) [ RunTime:0.002001s ]
[ sql ] [ SQL ] SELECT * FROM `banner_item` WHERE  `banner_id` IN (1) [ RunTime:0.000000s ]
[ sql ] [ SQL ] SHOW COLUMNS FROM `image` [ RunTime:0.030002s ]
[ sql ] [ SQL ] SELECT * FROM `image` WHERE  `id` IN (65,2,3,1) [ RunTime:0.001000s ]
---------------------------------------------------------------
[ 2018-06-13T22:16:34+08:00 ] 127.0.0.1 GET /api/v1/banner/1
[ info ] ceshi.cn/api/v1/banner/1 [运行时间：0.164009s][吞吐率：6.10req/s] [内存消耗：3,172.59kb] [文件加载：60]
[ sql ] [ DB ] CONNECT:[ UseTime:0.001000s ] mysql:host=127.0.0.1;port=3306;dbname=zerg;charset=utf8
[ sql ] [ SQL ] SHOW COLUMNS FROM `banner` [ RunTime:0.027001s ]
[ sql ] [ SQL ] SELECT * FROM `banner` WHERE  `id` = 1 [ RunTime:0.001000s ]
[ sql ] [ SQL ] SHOW COLUMNS FROM `banner_item` [ RunTime:0.024002s ]
[ sql ] [ SQL ] SELECT * FROM `banner_item` WHERE  `banner_id` IN (1) [ RunTime:0.001000s ]
[ sql ] [ SQL ] SELECT * FROM `banner_item` WHERE  `banner_id` IN (1) [ RunTime:0.001000s ]
[ sql ] [ SQL ] SHOW COLUMNS FROM `image` [ RunTime:0.025002s ]
[ sql ] [ SQL ] SELECT * FROM `image` WHERE  `id` IN (65,2,3,1) [ RunTime:0.001000s ]
---------------------------------------------------------------
[ 2018-06-13T22:23:42+08:00 ] 127.0.0.1 GET /api/v1/banner/1
[ info ] ceshi.cn/api/v1/banner/1 [运行时间：0.223012s][吞吐率：4.48req/s] [内存消耗：3,172.59kb] [文件加载：60]
[ sql ] [ DB ] CONNECT:[ UseTime:0.002001s ] mysql:host=127.0.0.1;port=3306;dbname=zerg;charset=utf8
[ sql ] [ SQL ] SHOW COLUMNS FROM `banner` [ RunTime:0.030001s ]
[ sql ] [ SQL ] SELECT * FROM `banner` WHERE  `id` = 1 [ RunTime:0.000000s ]
[ sql ] [ SQL ] SHOW COLUMNS FROM `banner_item` [ RunTime:0.031001s ]
[ sql ] [ SQL ] SELECT * FROM `banner_item` WHERE  `banner_id` IN (1) [ RunTime:0.001001s ]
[ sql ] [ SQL ] SELECT * FROM `banner_item` WHERE  `banner_id` IN (1) [ RunTime:0.000000s ]
[ sql ] [ SQL ] SHOW COLUMNS FROM `image` [ RunTime:0.025002s ]
[ sql ] [ SQL ] SELECT * FROM `image` WHERE  `id` IN (65,2,3,1) [ RunTime:0.001000s ]
---------------------------------------------------------------
[ 2018-06-13T22:24:17+08:00 ] 127.0.0.1 GET /api/v1/banner/1
[ info ] ceshi.cn/api/v1/banner/1 [运行时间：0.309018s][吞吐率：3.24req/s] [内存消耗：3,172.59kb] [文件加载：60]
[ sql ] [ DB ] CONNECT:[ UseTime:0.011001s ] mysql:host=127.0.0.1;port=3306;dbname=zerg;charset=utf8
[ sql ] [ SQL ] SHOW COLUMNS FROM `banner` [ RunTime:0.041002s ]
[ sql ] [ SQL ] SELECT * FROM `banner` WHERE  `id` = 1 [ RunTime:0.000000s ]
[ sql ] [ SQL ] SHOW COLUMNS FROM `banner_item` [ RunTime:0.036002s ]
[ sql ] [ SQL ] SELECT * FROM `banner_item` WHERE  `banner_id` IN (1) [ RunTime:0.001000s ]
[ sql ] [ SQL ] SELECT * FROM `banner_item` WHERE  `banner_id` IN (1) [ RunTime:0.001000s ]
[ sql ] [ SQL ] SHOW COLUMNS FROM `image` [ RunTime:0.035002s ]
[ sql ] [ SQL ] SELECT * FROM `image` WHERE  `id` IN (65,2,3,1) [ RunTime:0.000000s ]
---------------------------------------------------------------
[ 2018-06-13T22:24:42+08:00 ] 127.0.0.1 GET /api/v1/banner/1
[ info ] ceshi.cn/api/v1/banner/1 [运行时间：0.267015s][吞吐率：3.75req/s] [内存消耗：3,172.59kb] [文件加载：60]
[ sql ] [ DB ] CONNECT:[ UseTime:0.002000s ] mysql:host=127.0.0.1;port=3306;dbname=zerg;charset=utf8
[ sql ] [ SQL ] SHOW COLUMNS FROM `banner` [ RunTime:0.029002s ]
[ sql ] [ SQL ] SELECT * FROM `banner` WHERE  `id` = 1 [ RunTime:0.001000s ]
[ sql ] [ SQL ] SHOW COLUMNS FROM `banner_item` [ RunTime:0.037002s ]
[ sql ] [ SQL ] SELECT * FROM `banner_item` WHERE  `banner_id` IN (1) [ RunTime:0.002001s ]
[ sql ] [ SQL ] SELECT * FROM `banner_item` WHERE  `banner_id` IN (1) [ RunTime:0.001001s ]
[ sql ] [ SQL ] SHOW COLUMNS FROM `image` [ RunTime:0.035002s ]
[ sql ] [ SQL ] SELECT * FROM `image` WHERE  `id` IN (65,2,3,1) [ RunTime:0.001000s ]
---------------------------------------------------------------
[ 2018-06-13T22:29:19+08:00 ] 127.0.0.1 GET /api/v1/banner/1
[ info ] ceshi.cn/api/v1/banner/1 [运行时间：0.353020s][吞吐率：2.83req/s] [内存消耗：3,172.59kb] [文件加载：60]
[ sql ] [ DB ] CONNECT:[ UseTime:0.011001s ] mysql:host=127.0.0.1;port=3306;dbname=zerg;charset=utf8
[ sql ] [ SQL ] SHOW COLUMNS FROM `banner` [ RunTime:0.029002s ]
[ sql ] [ SQL ] SELECT * FROM `banner` WHERE  `id` = 1 [ RunTime:0.001000s ]
[ sql ] [ SQL ] SHOW COLUMNS FROM `banner_item` [ RunTime:0.027001s ]
[ sql ] [ SQL ] SELECT * FROM `banner_item` WHERE  `banner_id` IN (1) [ RunTime:0.000000s ]
[ sql ] [ SQL ] SELECT * FROM `banner_item` WHERE  `banner_id` IN (1) [ RunTime:0.001000s ]
[ sql ] [ SQL ] SHOW COLUMNS FROM `image` [ RunTime:0.034002s ]
[ sql ] [ SQL ] SELECT * FROM `image` WHERE  `id` IN (65,2,3,1) [ RunTime:0.002000s ]
---------------------------------------------------------------
[ 2018-06-13T22:29:42+08:00 ] 127.0.0.1 GET /api/v1/banner/1
[ info ] ceshi.cn/api/v1/banner/1 [运行时间：0.207012s][吞吐率：4.83req/s] [内存消耗：3,172.59kb] [文件加载：60]
[ sql ] [ DB ] CONNECT:[ UseTime:0.001001s ] mysql:host=127.0.0.1;port=3306;dbname=zerg;charset=utf8
[ sql ] [ SQL ] SHOW COLUMNS FROM `banner` [ RunTime:0.029001s ]
[ sql ] [ SQL ] SELECT * FROM `banner` WHERE  `id` = 1 [ RunTime:0.000000s ]
[ sql ] [ SQL ] SHOW COLUMNS FROM `banner_item` [ RunTime:0.027002s ]
[ sql ] [ SQL ] SELECT * FROM `banner_item` WHERE  `banner_id` IN (1) [ RunTime:0.001000s ]
[ sql ] [ SQL ] SELECT * FROM `banner_item` WHERE  `banner_id` IN (1) [ RunTime:0.000000s ]
[ sql ] [ SQL ] SHOW COLUMNS FROM `image` [ RunTime:0.032001s ]
[ sql ] [ SQL ] SELECT * FROM `image` WHERE  `id` IN (65,2,3,1) [ RunTime:0.001001s ]
---------------------------------------------------------------
[ 2018-06-13T22:31:50+08:00 ] 127.0.0.1 GET /api/v1/banner/1
[ info ] ceshi.cn/api/v1/banner/1 [运行时间：0.255015s][吞吐率：3.92req/s] [内存消耗：3,172.59kb] [文件加载：60]
[ sql ] [ DB ] CONNECT:[ UseTime:0.002001s ] mysql:host=127.0.0.1;port=3306;dbname=zerg;charset=utf8
[ sql ] [ SQL ] SHOW COLUMNS FROM `banner` [ RunTime:0.034002s ]
[ sql ] [ SQL ] SELECT * FROM `banner` WHERE  `id` = 1 [ RunTime:0.002000s ]
[ sql ] [ SQL ] SHOW COLUMNS FROM `banner_item` [ RunTime:0.029001s ]
[ sql ] [ SQL ] SELECT * FROM `banner_item` WHERE  `banner_id` IN (1) [ RunTime:0.002001s ]
[ sql ] [ SQL ] SELECT * FROM `banner_item` WHERE  `banner_id` IN (1) [ RunTime:0.001000s ]
[ sql ] [ SQL ] SHOW COLUMNS FROM `image` [ RunTime:0.031002s ]
[ sql ] [ SQL ] SELECT * FROM `image` WHERE  `id` IN (65,2,3,1) [ RunTime:0.000000s ]
---------------------------------------------------------------
[ 2018-06-13T22:32:03+08:00 ] 127.0.0.1 GET /api/v1/banner/1
[ info ] ceshi.cn/api/v1/banner/1 [运行时间：0.232013s][吞吐率：4.31req/s] [内存消耗：3,172.59kb] [文件加载：60]
[ sql ] [ DB ] CONNECT:[ UseTime:0.002001s ] mysql:host=127.0.0.1;port=3306;dbname=zerg;charset=utf8
[ sql ] [ SQL ] SHOW COLUMNS FROM `banner` [ RunTime:0.025001s ]
[ sql ] [ SQL ] SELECT * FROM `banner` WHERE  `id` = 1 [ RunTime:0.003000s ]
[ sql ] [ SQL ] SHOW COLUMNS FROM `banner_item` [ RunTime:0.033002s ]
[ sql ] [ SQL ] SELECT * FROM `banner_item` WHERE  `banner_id` IN (1) [ RunTime:0.001000s ]
[ sql ] [ SQL ] SELECT * FROM `banner_item` WHERE  `banner_id` IN (1) [ RunTime:0.002000s ]
[ sql ] [ SQL ] SHOW COLUMNS FROM `image` [ RunTime:0.033002s ]
[ sql ] [ SQL ] SELECT * FROM `image` WHERE  `id` IN (65,2,3,1) [ RunTime:0.001000s ]
---------------------------------------------------------------
[ 2018-06-13T22:32:24+08:00 ] 127.0.0.1 GET /api/v1/banner/1
[ info ] ceshi.cn/api/v1/banner/1 [运行时间：0.233013s][吞吐率：4.29req/s] [内存消耗：3,172.59kb] [文件加载：60]
[ sql ] [ DB ] CONNECT:[ UseTime:0.002000s ] mysql:host=127.0.0.1;port=3306;dbname=zerg;charset=utf8
[ sql ] [ SQL ] SHOW COLUMNS FROM `banner` [ RunTime:0.040002s ]
[ sql ] [ SQL ] SELECT * FROM `banner` WHERE  `id` = 1 [ RunTime:0.002001s ]
[ sql ] [ SQL ] SHOW COLUMNS FROM `banner_item` [ RunTime:0.031001s ]
[ sql ] [ SQL ] SELECT * FROM `banner_item` WHERE  `banner_id` IN (1) [ RunTime:0.000000s ]
[ sql ] [ SQL ] SELECT * FROM `banner_item` WHERE  `banner_id` IN (1) [ RunTime:0.001000s ]
[ sql ] [ SQL ] SHOW COLUMNS FROM `image` [ RunTime:0.027002s ]
[ sql ] [ SQL ] SELECT * FROM `image` WHERE  `id` IN (65,2,3,1) [ RunTime:0.001000s ]
---------------------------------------------------------------
[ 2018-06-13T22:34:58+08:00 ] 127.0.0.1 GET /api/v1/banner/1
[ info ] ceshi.cn/api/v1/banner/1 [运行时间：0.115007s][吞吐率：8.70req/s] [内存消耗：3,171.98kb] [文件加载：60]
[ sql ] [ DB ] CONNECT:[ UseTime:0.002000s ] mysql:host=127.0.0.1;port=3306;dbname=zerg;charset=utf8
[ sql ] [ SQL ] SHOW COLUMNS FROM `banner` [ RunTime:0.014001s ]
[ sql ] [ SQL ] SELECT * FROM `banner` WHERE  `id` = 1 [ RunTime:0.000000s ]
[ sql ] [ SQL ] SHOW COLUMNS FROM `banner_item` [ RunTime:0.014001s ]
[ sql ] [ SQL ] SELECT * FROM `banner_item` WHERE  `banner_id` IN (1) [ RunTime:0.000000s ]
[ sql ] [ SQL ] SELECT * FROM `banner_item` WHERE  `banner_id` IN (1) [ RunTime:0.000000s ]
[ sql ] [ SQL ] SHOW COLUMNS FROM `image` [ RunTime:0.014001s ]
[ sql ] [ SQL ] SELECT * FROM `image` WHERE  `id` IN (65,2,3,1) [ RunTime:0.001000s ]
---------------------------------------------------------------
[ 2018-06-13T22:36:02+08:00 ] 127.0.0.1 GET /api/v1/banner/1
[ info ] ceshi.cn/api/v1/banner/1 [运行时间：0.122007s][吞吐率：8.20req/s] [内存消耗：3,162.48kb] [文件加载：59]
[ sql ] [ DB ] CONNECT:[ UseTime:0.002000s ] mysql:host=127.0.0.1;port=3306;dbname=zerg;charset=utf8
[ sql ] [ SQL ] SHOW COLUMNS FROM `banner` [ RunTime:0.013001s ]
[ sql ] [ SQL ] SELECT * FROM `banner` WHERE  `id` = 1 [ RunTime:0.001000s ]
[ sql ] [ SQL ] SHOW COLUMNS FROM `banner_item` [ RunTime:0.014001s ]
[ sql ] [ SQL ] SELECT * FROM `banner_item` WHERE  `banner_id` IN (1) [ RunTime:0.000000s ]
[ sql ] [ SQL ] SELECT * FROM `banner_item` WHERE  `banner_id` IN (1) [ RunTime:0.001000s ]
[ sql ] [ SQL ] SHOW COLUMNS FROM `image` [ RunTime:0.014001s ]
[ sql ] [ SQL ] SELECT * FROM `image` WHERE  `id` IN (65,2,3,1) [ RunTime:0.000000s ]
---------------------------------------------------------------
[ 2018-06-13T22:36:37+08:00 ] 127.0.0.1 GET /api/v1/banner/1
[ info ] ceshi.cn/api/v1/banner/1 [运行时间：0.188011s][吞吐率：5.32req/s] [内存消耗：3,164.04kb] [文件加载：59]
[ sql ] [ DB ] CONNECT:[ UseTime:0.002000s ] mysql:host=127.0.0.1;port=3306;dbname=zerg;charset=utf8
[ sql ] [ SQL ] SHOW COLUMNS FROM `banner` [ RunTime:0.015001s ]
[ sql ] [ SQL ] SELECT * FROM `banner` WHERE  `id` = 1 [ RunTime:0.001000s ]
[ sql ] [ SQL ] SHOW COLUMNS FROM `banner_item` [ RunTime:0.015001s ]
[ sql ] [ SQL ] SELECT * FROM `banner_item` WHERE  `banner_id` IN (1) [ RunTime:0.000000s ]
[ sql ] [ SQL ] SELECT * FROM `banner_item` WHERE  `banner_id` IN (1) [ RunTime:0.001000s ]
[ sql ] [ SQL ] SHOW COLUMNS FROM `image` [ RunTime:0.018001s ]
[ sql ] [ SQL ] SELECT * FROM `image` WHERE  `id` IN (65,2,3,1) [ RunTime:0.001000s ]
---------------------------------------------------------------
[ 2018-06-13T22:36:39+08:00 ] 127.0.0.1 GET /api/v1/banner/1
[ info ] ceshi.cn/api/v1/banner/1 [运行时间：0.150008s][吞吐率：6.67req/s] [内存消耗：3,164.04kb] [文件加载：59]
[ sql ] [ DB ] CONNECT:[ UseTime:0.011001s ] mysql:host=127.0.0.1;port=3306;dbname=zerg;charset=utf8
[ sql ] [ SQL ] SHOW COLUMNS FROM `banner` [ RunTime:0.017001s ]
[ sql ] [ SQL ] SELECT * FROM `banner` WHERE  `id` = 1 [ RunTime:0.000000s ]
[ sql ] [ SQL ] SHOW COLUMNS FROM `banner_item` [ RunTime:0.016001s ]
[ sql ] [ SQL ] SELECT * FROM `banner_item` WHERE  `banner_id` IN (1) [ RunTime:0.001000s ]
[ sql ] [ SQL ] SELECT * FROM `banner_item` WHERE  `banner_id` IN (1) [ RunTime:0.001000s ]
[ sql ] [ SQL ] SHOW COLUMNS FROM `image` [ RunTime:0.015001s ]
[ sql ] [ SQL ] SELECT * FROM `image` WHERE  `id` IN (65,2,3,1) [ RunTime:0.001000s ]
---------------------------------------------------------------
[ 2018-06-13T22:37:09+08:00 ] 127.0.0.1 GET /api/v1/banner/1
[ info ] ceshi.cn/api/v1/banner/1 [运行时间：0.170010s][吞吐率：5.88req/s] [内存消耗：3,172.59kb] [文件加载：60]
[ sql ] [ DB ] CONNECT:[ UseTime:0.002000s ] mysql:host=127.0.0.1;port=3306;dbname=zerg;charset=utf8
[ sql ] [ SQL ] SHOW COLUMNS FROM `banner` [ RunTime:0.021001s ]
[ sql ] [ SQL ] SELECT * FROM `banner` WHERE  `id` = 1 [ RunTime:0.001000s ]
[ sql ] [ SQL ] SHOW COLUMNS FROM `banner_item` [ RunTime:0.021001s ]
[ sql ] [ SQL ] SELECT * FROM `banner_item` WHERE  `banner_id` IN (1) [ RunTime:0.000000s ]
[ sql ] [ SQL ] SELECT * FROM `banner_item` WHERE  `banner_id` IN (1) [ RunTime:0.000000s ]
[ sql ] [ SQL ] SHOW COLUMNS FROM `image` [ RunTime:0.017001s ]
[ sql ] [ SQL ] SELECT * FROM `image` WHERE  `id` IN (65,2,3,1) [ RunTime:0.001000s ]
---------------------------------------------------------------
[ 2018-06-13T22:37:46+08:00 ] 127.0.0.1 GET /api/v1/banner/1
[ info ] ceshi.cn/api/v1/banner/1 [运行时间：0.206012s][吞吐率：4.85req/s] [内存消耗：3,172.59kb] [文件加载：60]
[ sql ] [ DB ] CONNECT:[ UseTime:0.011001s ] mysql:host=127.0.0.1;port=3306;dbname=zerg;charset=utf8
[ sql ] [ SQL ] SHOW COLUMNS FROM `banner` [ RunTime:0.024002s ]
[ sql ] [ SQL ] SELECT * FROM `banner` WHERE  `id` = 1 [ RunTime:0.002000s ]
[ sql ] [ SQL ] SHOW COLUMNS FROM `banner_item` [ RunTime:0.030002s ]
[ sql ] [ SQL ] SELECT * FROM `banner_item` WHERE  `banner_id` IN (1) [ RunTime:0.001000s ]
[ sql ] [ SQL ] SELECT * FROM `banner_item` WHERE  `banner_id` IN (1) [ RunTime:0.001000s ]
[ sql ] [ SQL ] SHOW COLUMNS FROM `image` [ RunTime:0.018001s ]
[ sql ] [ SQL ] SELECT * FROM `image` WHERE  `id` IN (65,2,3,1) [ RunTime:0.002000s ]
---------------------------------------------------------------
[ 2018-06-13T22:38:13+08:00 ] 127.0.0.1 GET /api/v1/banner/1
[ info ] ceshi.cn/api/v1/banner/1 [运行时间：0.248015s][吞吐率：4.03req/s] [内存消耗：3,172.59kb] [文件加载：60]
[ sql ] [ DB ] CONNECT:[ UseTime:0.004000s ] mysql:host=127.0.0.1;port=3306;dbname=zerg;charset=utf8
[ sql ] [ SQL ] SHOW COLUMNS FROM `banner` [ RunTime:0.019001s ]
[ sql ] [ SQL ] SELECT * FROM `banner` WHERE  `id` = 1 [ RunTime:0.001000s ]
[ sql ] [ SQL ] SHOW COLUMNS FROM `banner_item` [ RunTime:0.019001s ]
[ sql ] [ SQL ] SELECT * FROM `banner_item` WHERE  `banner_id` IN (1) [ RunTime:0.001000s ]
[ sql ] [ SQL ] SELECT * FROM `banner_item` WHERE  `banner_id` IN (1) [ RunTime:0.000000s ]
[ sql ] [ SQL ] SHOW COLUMNS FROM `image` [ RunTime:0.013001s ]
[ sql ] [ SQL ] SELECT * FROM `image` WHERE  `id` IN (65,2,3,1) [ RunTime:0.001000s ]
---------------------------------------------------------------
[ 2018-06-13T22:39:44+08:00 ] 127.0.0.1 GET /api/v1/banner/1
[ info ] ceshi.cn/api/v1/banner/1 [运行时间：0.339020s][吞吐率：2.95req/s] [内存消耗：3,172.59kb] [文件加载：60]
[ sql ] [ DB ] CONNECT:[ UseTime:0.003000s ] mysql:host=127.0.0.1;port=3306;dbname=zerg;charset=utf8
[ sql ] [ SQL ] SHOW COLUMNS FROM `banner` [ RunTime:0.018001s ]
[ sql ] [ SQL ] SELECT * FROM `banner` WHERE  `id` = 1 [ RunTime:0.005000s ]
[ sql ] [ SQL ] SHOW COLUMNS FROM `banner_item` [ RunTime:0.025001s ]
[ sql ] [ SQL ] SELECT * FROM `banner_item` WHERE  `banner_id` IN (1) [ RunTime:0.004000s ]
[ sql ] [ SQL ] SELECT * FROM `banner_item` WHERE  `banner_id` IN (1) [ RunTime:0.001000s ]
[ sql ] [ SQL ] SHOW COLUMNS FROM `image` [ RunTime:0.019001s ]
[ sql ] [ SQL ] SELECT * FROM `image` WHERE  `id` IN (65,2,3,1) [ RunTime:0.004001s ]
---------------------------------------------------------------
[ 2018-06-13T22:40:35+08:00 ] 127.0.0.1 GET /api/v1/banner/1
[ info ] ceshi.cn/api/v1/banner/1 [运行时间：0.163009s][吞吐率：6.13req/s] [内存消耗：3,172.98kb] [文件加载：60]
[ sql ] [ DB ] CONNECT:[ UseTime:0.002000s ] mysql:host=127.0.0.1;port=3306;dbname=zerg;charset=utf8
[ sql ] [ SQL ] SHOW COLUMNS FROM `banner` [ RunTime:0.016001s ]
[ sql ] [ SQL ] SELECT * FROM `banner` WHERE  `id` = 1 [ RunTime:0.000000s ]
[ sql ] [ SQL ] SHOW COLUMNS FROM `banner_item` [ RunTime:0.015000s ]
[ sql ] [ SQL ] SELECT * FROM `banner_item` WHERE  `banner_id` IN (1) [ RunTime:0.000000s ]
[ sql ] [ SQL ] SELECT * FROM `banner_item` WHERE  `banner_id` IN (1) [ RunTime:0.001000s ]
[ sql ] [ SQL ] SHOW COLUMNS FROM `image` [ RunTime:0.011001s ]
[ sql ] [ SQL ] SELECT * FROM `image` WHERE  `id` IN (65,2,3,1) [ RunTime:0.001000s ]
---------------------------------------------------------------
[ 2018-06-13T22:41:22+08:00 ] 127.0.0.1 GET /api/v1/banner/1
[ info ] ceshi.cn/api/v1/banner/1 [运行时间：0.217012s][吞吐率：4.61req/s] [内存消耗：3,172.95kb] [文件加载：60]
[ sql ] [ DB ] CONNECT:[ UseTime:0.012001s ] mysql:host=127.0.0.1;port=3306;dbname=zerg;charset=utf8
[ sql ] [ SQL ] SHOW COLUMNS FROM `banner` [ RunTime:0.020001s ]
[ sql ] [ SQL ] SELECT * FROM `banner` WHERE  `id` = 1 [ RunTime:0.001000s ]
[ sql ] [ SQL ] SHOW COLUMNS FROM `banner_item` [ RunTime:0.018001s ]
[ sql ] [ SQL ] SELECT * FROM `banner_item` WHERE  `banner_id` IN (1) [ RunTime:0.000000s ]
[ sql ] [ SQL ] SELECT * FROM `banner_item` WHERE  `banner_id` IN (1) [ RunTime:0.001000s ]
[ sql ] [ SQL ] SHOW COLUMNS FROM `image` [ RunTime:0.017001s ]
[ sql ] [ SQL ] SELECT * FROM `image` WHERE  `id` IN (65,2,3,1) [ RunTime:0.000000s ]
---------------------------------------------------------------
[ 2018-06-13T22:42:30+08:00 ] 127.0.0.1 GET /api/v1/banner/1
[ info ] ceshi.cn/api/v1/banner/1 [运行时间：0.133008s][吞吐率：7.52req/s] [内存消耗：3,172.44kb] [文件加载：60]
[ sql ] [ DB ] CONNECT:[ UseTime:0.011001s ] mysql:host=127.0.0.1;port=3306;dbname=zerg;charset=utf8
[ sql ] [ SQL ] SHOW COLUMNS FROM `banner` [ RunTime:0.012001s ]
[ sql ] [ SQL ] SELECT * FROM `banner` WHERE  `id` = 1 [ RunTime:0.001000s ]
[ sql ] [ SQL ] SHOW COLUMNS FROM `banner_item` [ RunTime:0.012000s ]
[ sql ] [ SQL ] SELECT * FROM `banner_item` WHERE  `banner_id` IN (1) [ RunTime:0.009001s ]
[ sql ] [ SQL ] SELECT * FROM `banner_item` WHERE  `banner_id` IN (1) [ RunTime:0.000000s ]
[ sql ] [ SQL ] SHOW COLUMNS FROM `image` [ RunTime:0.011001s ]
[ sql ] [ SQL ] SELECT * FROM `image` WHERE  `id` IN (65,2,3,1) [ RunTime:0.001000s ]
---------------------------------------------------------------
[ 2018-06-13T22:42:40+08:00 ] 127.0.0.1 GET /api/v1/banner/1
[ info ] ceshi.cn/api/v1/banner/1 [运行时间：0.186011s][吞吐率：5.38req/s] [内存消耗：3,172.98kb] [文件加载：60]
[ sql ] [ DB ] CONNECT:[ UseTime:0.001000s ] mysql:host=127.0.0.1;port=3306;dbname=zerg;charset=utf8
[ sql ] [ SQL ] SHOW COLUMNS FROM `banner` [ RunTime:0.014001s ]
[ sql ] [ SQL ] SELECT * FROM `banner` WHERE  `id` = 1 [ RunTime:0.001000s ]
[ sql ] [ SQL ] SHOW COLUMNS FROM `banner_item` [ RunTime:0.012001s ]
[ sql ] [ SQL ] SELECT * FROM `banner_item` WHERE  `banner_id` IN (1) [ RunTime:0.001000s ]
[ sql ] [ SQL ] SELECT * FROM `banner_item` WHERE  `banner_id` IN (1) [ RunTime:0.000000s ]
[ sql ] [ SQL ] SHOW COLUMNS FROM `image` [ RunTime:0.012000s ]
[ sql ] [ SQL ] SELECT * FROM `image` WHERE  `id` IN (65,2,3,1) [ RunTime:0.001000s ]
---------------------------------------------------------------
[ 2018-06-13T22:43:49+08:00 ] 127.0.0.1 GET /api/v1/banner/1
[ info ] ceshi.cn/api/v1/banner/1 [运行时间：0.213012s][吞吐率：4.69req/s] [内存消耗：3,172.59kb] [文件加载：60]
[ sql ] [ DB ] CONNECT:[ UseTime:0.002001s ] mysql:host=127.0.0.1;port=3306;dbname=zerg;charset=utf8
[ sql ] [ SQL ] SHOW COLUMNS FROM `banner` [ RunTime:0.022001s ]
[ sql ] [ SQL ] SELECT * FROM `banner` WHERE  `id` = 1 [ RunTime:0.000000s ]
[ sql ] [ SQL ] SHOW COLUMNS FROM `banner_item` [ RunTime:0.014001s ]
[ sql ] [ SQL ] SELECT * FROM `banner_item` WHERE  `banner_id` IN (1) [ RunTime:0.001000s ]
[ sql ] [ SQL ] SELECT * FROM `banner_item` WHERE  `banner_id` IN (1) [ RunTime:0.001000s ]
[ sql ] [ SQL ] SHOW COLUMNS FROM `image` [ RunTime:0.014000s ]
[ sql ] [ SQL ] SELECT * FROM `image` WHERE  `id` IN (65,2,3,1) [ RunTime:0.001000s ]
---------------------------------------------------------------
[ 2018-06-13T22:44:56+08:00 ] 127.0.0.1 GET /api/v1/banner/1
[ info ] ceshi.cn/api/v1/banner/1 [运行时间：0.193011s][吞吐率：5.18req/s] [内存消耗：3,172.59kb] [文件加载：60]
[ sql ] [ DB ] CONNECT:[ UseTime:0.001000s ] mysql:host=127.0.0.1;port=3306;dbname=zerg;charset=utf8
[ sql ] [ SQL ] SHOW COLUMNS FROM `banner` [ RunTime:0.014001s ]
[ sql ] [ SQL ] SELECT * FROM `banner` WHERE  `id` = 1 [ RunTime:0.001000s ]
[ sql ] [ SQL ] SHOW COLUMNS FROM `banner_item` [ RunTime:0.013001s ]
[ sql ] [ SQL ] SELECT * FROM `banner_item` WHERE  `banner_id` IN (1) [ RunTime:0.001000s ]
[ sql ] [ SQL ] SELECT * FROM `banner_item` WHERE  `banner_id` IN (1) [ RunTime:0.001000s ]
[ sql ] [ SQL ] SHOW COLUMNS FROM `image` [ RunTime:0.015001s ]
[ sql ] [ SQL ] SELECT * FROM `image` WHERE  `id` IN (65,2,3,1) [ RunTime:0.000000s ]
---------------------------------------------------------------
[ 2018-06-13T22:45:42+08:00 ] 127.0.0.1 GET /api/v1/banner/1
[ info ] ceshi.cn/api/v1/banner/1 [运行时间：0.251015s][吞吐率：3.98req/s] [内存消耗：3,172.59kb] [文件加载：60]
[ sql ] [ DB ] CONNECT:[ UseTime:0.013001s ] mysql:host=127.0.0.1;port=3306;dbname=zerg;charset=utf8
[ sql ] [ SQL ] SHOW COLUMNS FROM `banner` [ RunTime:0.027001s ]
[ sql ] [ SQL ] SELECT * FROM `banner` WHERE  `id` = 1 [ RunTime:0.001001s ]
[ sql ] [ SQL ] SHOW COLUMNS FROM `banner_item` [ RunTime:0.025001s ]
[ sql ] [ SQL ] SELECT * FROM `banner_item` WHERE  `banner_id` IN (1) [ RunTime:0.004000s ]
[ sql ] [ SQL ] SELECT * FROM `banner_item` WHERE  `banner_id` IN (1) [ RunTime:0.001000s ]
[ sql ] [ SQL ] SHOW COLUMNS FROM `image` [ RunTime:0.019001s ]
[ sql ] [ SQL ] SELECT * FROM `image` WHERE  `id` IN (65,2,3,1) [ RunTime:0.002000s ]
---------------------------------------------------------------
[ 2018-06-13T22:47:03+08:00 ] 127.0.0.1 GET /api/v1/banner/1
[ info ] ceshi.cn/api/v1/banner/1 [运行时间：0.225012s][吞吐率：4.44req/s] [内存消耗：3,172.59kb] [文件加载：60]
[ sql ] [ DB ] CONNECT:[ UseTime:0.014001s ] mysql:host=127.0.0.1;port=3306;dbname=zerg;charset=utf8
[ sql ] [ SQL ] SHOW COLUMNS FROM `banner` [ RunTime:0.018001s ]
[ sql ] [ SQL ] SELECT * FROM `banner` WHERE  `id` = 1 [ RunTime:0.001000s ]
[ sql ] [ SQL ] SHOW COLUMNS FROM `banner_item` [ RunTime:0.018001s ]
[ sql ] [ SQL ] SELECT * FROM `banner_item` WHERE  `banner_id` IN (1) [ RunTime:0.001000s ]
[ sql ] [ SQL ] SELECT * FROM `banner_item` WHERE  `banner_id` IN (1) [ RunTime:0.001000s ]
[ sql ] [ SQL ] SHOW COLUMNS FROM `image` [ RunTime:0.017001s ]
[ sql ] [ SQL ] SELECT * FROM `image` WHERE  `id` IN (65,2,3,1) [ RunTime:0.000000s ]
---------------------------------------------------------------
[ 2018-06-13T22:47:26+08:00 ] 127.0.0.1 GET /api/v1/banner/1
[ info ] ceshi.cn/api/v1/banner/1 [运行时间：0.162009s][吞吐率：6.17req/s] [内存消耗：3,172.59kb] [文件加载：60]
[ sql ] [ DB ] CONNECT:[ UseTime:0.001000s ] mysql:host=127.0.0.1;port=3306;dbname=zerg;charset=utf8
[ sql ] [ SQL ] SHOW COLUMNS FROM `banner` [ RunTime:0.012001s ]
[ sql ] [ SQL ] SELECT * FROM `banner` WHERE  `id` = 1 [ RunTime:0.001000s ]
[ sql ] [ SQL ] SHOW COLUMNS FROM `banner_item` [ RunTime:0.014001s ]
[ sql ] [ SQL ] SELECT * FROM `banner_item` WHERE  `banner_id` IN (1) [ RunTime:0.000000s ]
[ sql ] [ SQL ] SELECT * FROM `banner_item` WHERE  `banner_id` IN (1) [ RunTime:0.001000s ]
[ sql ] [ SQL ] SHOW COLUMNS FROM `image` [ RunTime:0.014000s ]
[ sql ] [ SQL ] SELECT * FROM `image` WHERE  `id` IN (65,2,3,1) [ RunTime:0.000000s ]
---------------------------------------------------------------
[ 2018-06-13T22:49:11+08:00 ] 127.0.0.1 GET /api/v1/banner/1
[ info ] ceshi.cn/api/v1/banner/1 [运行时间：0.218012s][吞吐率：4.59req/s] [内存消耗：3,172.59kb] [文件加载：60]
[ sql ] [ DB ] CONNECT:[ UseTime:0.003001s ] mysql:host=127.0.0.1;port=3306;dbname=zerg;charset=utf8
[ sql ] [ SQL ] SHOW COLUMNS FROM `banner` [ RunTime:0.019001s ]
[ sql ] [ SQL ] SELECT * FROM `banner` WHERE  `id` = 1 [ RunTime:0.001000s ]
[ sql ] [ SQL ] SHOW COLUMNS FROM `banner_item` [ RunTime:0.017001s ]
[ sql ] [ SQL ] SELECT * FROM `banner_item` WHERE  `banner_id` IN (1) [ RunTime:0.001000s ]
[ sql ] [ SQL ] SELECT * FROM `banner_item` WHERE  `banner_id` IN (1) [ RunTime:0.001001s ]
[ sql ] [ SQL ] SHOW COLUMNS FROM `image` [ RunTime:0.018001s ]
[ sql ] [ SQL ] SELECT * FROM `image` WHERE  `id` IN (65,2,3,1) [ RunTime:0.001000s ]
---------------------------------------------------------------
[ 2018-06-13T22:49:46+08:00 ] 127.0.0.1 GET /api/v1/banner/1
[ info ] ceshi.cn/api/v1/banner/1 [运行时间：0.148009s][吞吐率：6.76req/s] [内存消耗：3,172.59kb] [文件加载：60]
[ sql ] [ DB ] CONNECT:[ UseTime:0.001000s ] mysql:host=127.0.0.1;port=3306;dbname=zerg;charset=utf8
[ sql ] [ SQL ] SHOW COLUMNS FROM `banner` [ RunTime:0.013001s ]
[ sql ] [ SQL ] SELECT * FROM `banner` WHERE  `id` = 1 [ RunTime:0.001000s ]
[ sql ] [ SQL ] SHOW COLUMNS FROM `banner_item` [ RunTime:0.013001s ]
[ sql ] [ SQL ] SELECT * FROM `banner_item` WHERE  `banner_id` IN (1) [ RunTime:0.001000s ]
[ sql ] [ SQL ] SELECT * FROM `banner_item` WHERE  `banner_id` IN (1) [ RunTime:0.000000s ]
[ sql ] [ SQL ] SHOW COLUMNS FROM `image` [ RunTime:0.012001s ]
[ sql ] [ SQL ] SELECT * FROM `image` WHERE  `id` IN (65,2,3,1) [ RunTime:0.001000s ]
---------------------------------------------------------------
[ 2018-06-13T22:50:03+08:00 ] 127.0.0.1 GET /api/v1/banner/1
[ info ] ceshi.cn/api/v1/banner/1 [运行时间：0.188011s][吞吐率：5.32req/s] [内存消耗：3,172.59kb] [文件加载：60]
[ sql ] [ DB ] CONNECT:[ UseTime:0.003000s ] mysql:host=127.0.0.1;port=3306;dbname=zerg;charset=utf8
[ sql ] [ SQL ] SHOW COLUMNS FROM `banner` [ RunTime:0.015001s ]
[ sql ] [ SQL ] SELECT * FROM `banner` WHERE  `id` = 1 [ RunTime:0.000000s ]
[ sql ] [ SQL ] SHOW COLUMNS FROM `banner_item` [ RunTime:0.015001s ]
[ sql ] [ SQL ] SELECT * FROM `banner_item` WHERE  `banner_id` IN (1) [ RunTime:0.001000s ]
[ sql ] [ SQL ] SELECT * FROM `banner_item` WHERE  `banner_id` IN (1) [ RunTime:0.001000s ]
[ sql ] [ SQL ] SHOW COLUMNS FROM `image` [ RunTime:0.015001s ]
[ sql ] [ SQL ] SELECT * FROM `image` WHERE  `id` IN (65,2,3,1) [ RunTime:0.001000s ]
---------------------------------------------------------------
[ 2018-06-13T22:50:09+08:00 ] 127.0.0.1 GET /api/v1/banner/1
[ info ] ceshi.cn/api/v1/banner/1 [运行时间：0.222013s][吞吐率：4.50req/s] [内存消耗：3,172.59kb] [文件加载：60]
[ sql ] [ DB ] CONNECT:[ UseTime:0.011001s ] mysql:host=127.0.0.1;port=3306;dbname=zerg;charset=utf8
[ sql ] [ SQL ] SHOW COLUMNS FROM `banner` [ RunTime:0.023001s ]
[ sql ] [ SQL ] SELECT * FROM `banner` WHERE  `id` = 1 [ RunTime:0.003001s ]
[ sql ] [ SQL ] SHOW COLUMNS FROM `banner_item` [ RunTime:0.018001s ]
[ sql ] [ SQL ] SELECT * FROM `banner_item` WHERE  `banner_id` IN (1) [ RunTime:0.002000s ]
[ sql ] [ SQL ] SELECT * FROM `banner_item` WHERE  `banner_id` IN (1) [ RunTime:0.001000s ]
[ sql ] [ SQL ] SHOW COLUMNS FROM `image` [ RunTime:0.020001s ]
[ sql ] [ SQL ] SELECT * FROM `image` WHERE  `id` IN (65,2,3,1) [ RunTime:0.001000s ]
---------------------------------------------------------------
[ 2018-06-13T22:50:31+08:00 ] 127.0.0.1 GET /api/v1/banner/1
[ info ] ceshi.cn/api/v1/banner/1 [运行时间：0.165009s][吞吐率：6.06req/s] [内存消耗：3,172.59kb] [文件加载：60]
[ sql ] [ DB ] CONNECT:[ UseTime:0.003000s ] mysql:host=127.0.0.1;port=3306;dbname=zerg;charset=utf8
[ sql ] [ SQL ] SHOW COLUMNS FROM `banner` [ RunTime:0.016001s ]
[ sql ] [ SQL ] SELECT * FROM `banner` WHERE  `id` = 1 [ RunTime:0.001001s ]
[ sql ] [ SQL ] SHOW COLUMNS FROM `banner_item` [ RunTime:0.013000s ]
[ sql ] [ SQL ] SELECT * FROM `banner_item` WHERE  `banner_id` IN (1) [ RunTime:0.001000s ]
[ sql ] [ SQL ] SELECT * FROM `banner_item` WHERE  `banner_id` IN (1) [ RunTime:0.001000s ]
[ sql ] [ SQL ] SHOW COLUMNS FROM `image` [ RunTime:0.015001s ]
[ sql ] [ SQL ] SELECT * FROM `image` WHERE  `id` IN (65,2,3,1) [ RunTime:0.001000s ]
---------------------------------------------------------------
[ 2018-06-13T22:51:05+08:00 ] 127.0.0.1 GET /api/v1/banner/1
[ info ] ceshi.cn/api/v1/banner/1 [运行时间：0.154009s][吞吐率：6.49req/s] [内存消耗：3,172.59kb] [文件加载：60]
[ sql ] [ DB ] CONNECT:[ UseTime:0.001000s ] mysql:host=127.0.0.1;port=3306;dbname=zerg;charset=utf8
[ sql ] [ SQL ] SHOW COLUMNS FROM `banner` [ RunTime:0.016001s ]
[ sql ] [ SQL ] SELECT * FROM `banner` WHERE  `id` = 1 [ RunTime:0.000000s ]
[ sql ] [ SQL ] SHOW COLUMNS FROM `banner_item` [ RunTime:0.015001s ]
[ sql ] [ SQL ] SELECT * FROM `banner_item` WHERE  `banner_id` IN (1) [ RunTime:0.000000s ]
[ sql ] [ SQL ] SELECT * FROM `banner_item` WHERE  `banner_id` IN (1) [ RunTime:0.002000s ]
[ sql ] [ SQL ] SHOW COLUMNS FROM `image` [ RunTime:0.014001s ]
[ sql ] [ SQL ] SELECT * FROM `image` WHERE  `id` IN (65,2,3,1) [ RunTime:0.001000s ]
---------------------------------------------------------------
[ 2018-06-13T22:51:33+08:00 ] 127.0.0.1 GET /api/v1/banner/1
[ info ] ceshi.cn/api/v1/banner/1 [运行时间：0.176010s][吞吐率：5.68req/s] [内存消耗：3,172.59kb] [文件加载：60]
[ sql ] [ DB ] CONNECT:[ UseTime:0.002000s ] mysql:host=127.0.0.1;port=3306;dbname=zerg;charset=utf8
[ sql ] [ SQL ] SHOW COLUMNS FROM `banner` [ RunTime:0.015001s ]
[ sql ] [ SQL ] SELECT * FROM `banner` WHERE  `id` = 1 [ RunTime:0.001000s ]
[ sql ] [ SQL ] SHOW COLUMNS FROM `banner_item` [ RunTime:0.014001s ]
[ sql ] [ SQL ] SELECT * FROM `banner_item` WHERE  `banner_id` IN (1) [ RunTime:0.001000s ]
[ sql ] [ SQL ] SELECT * FROM `banner_item` WHERE  `banner_id` IN (1) [ RunTime:0.001000s ]
[ sql ] [ SQL ] SHOW COLUMNS FROM `image` [ RunTime:0.015001s ]
[ sql ] [ SQL ] SELECT * FROM `image` WHERE  `id` IN (65,2,3,1) [ RunTime:0.001000s ]
---------------------------------------------------------------
[ 2018-06-13T22:51:37+08:00 ] 127.0.0.1 GET /api/v1/banner/1
[ info ] ceshi.cn/api/v1/banner/1 [运行时间：0.213012s][吞吐率：4.69req/s] [内存消耗：3,172.59kb] [文件加载：60]
[ sql ] [ DB ] CONNECT:[ UseTime:0.002000s ] mysql:host=127.0.0.1;port=3306;dbname=zerg;charset=utf8
[ sql ] [ SQL ] SHOW COLUMNS FROM `banner` [ RunTime:0.026002s ]
[ sql ] [ SQL ] SELECT * FROM `banner` WHERE  `id` = 1 [ RunTime:0.001000s ]
[ sql ] [ SQL ] SHOW COLUMNS FROM `banner_item` [ RunTime:0.020001s ]
[ sql ] [ SQL ] SELECT * FROM `banner_item` WHERE  `banner_id` IN (1) [ RunTime:0.001000s ]
[ sql ] [ SQL ] SELECT * FROM `banner_item` WHERE  `banner_id` IN (1) [ RunTime:0.001000s ]
[ sql ] [ SQL ] SHOW COLUMNS FROM `image` [ RunTime:0.019001s ]
[ sql ] [ SQL ] SELECT * FROM `image` WHERE  `id` IN (65,2,3,1) [ RunTime:0.001000s ]
---------------------------------------------------------------
[ 2018-06-13T22:52:46+08:00 ] 127.0.0.1 GET /api/v1/banner/1
[ info ] ceshi.cn/api/v1/banner/1 [运行时间：0.227013s][吞吐率：4.41req/s] [内存消耗：3,172.59kb] [文件加载：60]
[ sql ] [ DB ] CONNECT:[ UseTime:0.002000s ] mysql:host=127.0.0.1;port=3306;dbname=zerg;charset=utf8
[ sql ] [ SQL ] SHOW COLUMNS FROM `banner` [ RunTime:0.018001s ]
[ sql ] [ SQL ] SELECT * FROM `banner` WHERE  `id` = 1 [ RunTime:0.000000s ]
[ sql ] [ SQL ] SHOW COLUMNS FROM `banner_item` [ RunTime:0.018001s ]
[ sql ] [ SQL ] SELECT * FROM `banner_item` WHERE  `banner_id` IN (1) [ RunTime:0.001000s ]
[ sql ] [ SQL ] SELECT * FROM `banner_item` WHERE  `banner_id` IN (1) [ RunTime:0.000000s ]
[ sql ] [ SQL ] SHOW COLUMNS FROM `image` [ RunTime:0.017001s ]
[ sql ] [ SQL ] SELECT * FROM `image` WHERE  `id` IN (65,2,3,1) [ RunTime:0.001000s ]
---------------------------------------------------------------
[ 2018-06-13T22:53:39+08:00 ] 127.0.0.1 GET /api/v1/banner/1
[ info ] ceshi.cn/api/v1/banner/1 [运行时间：0.196012s][吞吐率：5.10req/s] [内存消耗：3,172.59kb] [文件加载：60]
[ sql ] [ DB ] CONNECT:[ UseTime:0.002000s ] mysql:host=127.0.0.1;port=3306;dbname=zerg;charset=utf8
[ sql ] [ SQL ] SHOW COLUMNS FROM `banner` [ RunTime:0.021001s ]
[ sql ] [ SQL ] SELECT * FROM `banner` WHERE  `id` = 1 [ RunTime:0.001000s ]
[ sql ] [ SQL ] SHOW COLUMNS FROM `banner_item` [ RunTime:0.020001s ]
[ sql ] [ SQL ] SELECT * FROM `banner_item` WHERE  `banner_id` IN (1) [ RunTime:0.001001s ]
[ sql ] [ SQL ] SELECT * FROM `banner_item` WHERE  `banner_id` IN (1) [ RunTime:0.001000s ]
[ sql ] [ SQL ] SHOW COLUMNS FROM `image` [ RunTime:0.018001s ]
[ sql ] [ SQL ] SELECT * FROM `image` WHERE  `id` IN (65,2,3,1) [ RunTime:0.001000s ]
---------------------------------------------------------------
[ 2018-06-13T22:54:21+08:00 ] 127.0.0.1 GET /api/v1/banner/1
[ info ] ceshi.cn/api/v1/banner/1 [运行时间：0.126007s][吞吐率：7.94req/s] [内存消耗：3,172.59kb] [文件加载：60]
[ sql ] [ DB ] CONNECT:[ UseTime:0.001000s ] mysql:host=127.0.0.1;port=3306;dbname=zerg;charset=utf8
[ sql ] [ SQL ] SHOW COLUMNS FROM `banner` [ RunTime:0.015001s ]
[ sql ] [ SQL ] SELECT * FROM `banner` WHERE  `id` = 1 [ RunTime:0.001000s ]
[ sql ] [ SQL ] SHOW COLUMNS FROM `banner_item` [ RunTime:0.016001s ]
[ sql ] [ SQL ] SELECT * FROM `banner_item` WHERE  `banner_id` IN (1) [ RunTime:0.001000s ]
[ sql ] [ SQL ] SELECT * FROM `banner_item` WHERE  `banner_id` IN (1) [ RunTime:0.001000s ]
[ sql ] [ SQL ] SHOW COLUMNS FROM `image` [ RunTime:0.016001s ]
[ sql ] [ SQL ] SELECT * FROM `image` WHERE  `id` IN (65,2,3,1) [ RunTime:0.001000s ]
---------------------------------------------------------------
[ 2018-06-13T22:57:55+08:00 ] 127.0.0.1 GET /api/v1/banner/1
[ info ] ceshi.cn/api/v1/banner/1 [运行时间：0.213012s][吞吐率：4.69req/s] [内存消耗：3,172.68kb] [文件加载：60]
[ sql ] [ DB ] CONNECT:[ UseTime:0.001000s ] mysql:host=127.0.0.1;port=3306;dbname=zerg;charset=utf8
[ sql ] [ SQL ] SHOW COLUMNS FROM `banner` [ RunTime:0.021001s ]
[ sql ] [ SQL ] SELECT * FROM `banner` WHERE  `id` = 1 LIMIT 1 [ RunTime:0.001001s ]
[ sql ] [ SQL ] SHOW COLUMNS FROM `banner_item` [ RunTime:0.017001s ]
[ sql ] [ SQL ] SELECT * FROM `banner_item` WHERE  `banner_id` = 1 [ RunTime:0.001000s ]
[ sql ] [ SQL ] SELECT * FROM `banner_item` WHERE  `banner_id` = 1 [ RunTime:0.001000s ]
[ sql ] [ SQL ] SHOW COLUMNS FROM `image` [ RunTime:0.017001s ]
[ sql ] [ SQL ] SELECT * FROM `image` WHERE  `id` IN (65,2,3,1) [ RunTime:0.000000s ]
