---------------------------------------------------------------
[ 2018-06-14T22:15:36+08:00 ] 127.0.0.1 GET /api/v1/banner/1
[ info ] ceshi.cn/api/v1/banner/1 [运行时间：0.326018s][吞吐率：3.07req/s] [内存消耗：3,172.68kb] [文件加载：60]
[ sql ] [ DB ] CONNECT:[ UseTime:0.034002s ] mysql:host=127.0.0.1;port=3306;dbname=zerg;charset=utf8
[ sql ] [ SQL ] SHOW COLUMNS FROM `banner` [ RunTime:0.056003s ]
[ sql ] [ SQL ] SELECT * FROM `banner` WHERE  `id` = 1 LIMIT 1 [ RunTime:0.001000s ]
[ sql ] [ SQL ] SHOW COLUMNS FROM `banner_item` [ RunTime:0.041003s ]
[ sql ] [ SQL ] SELECT * FROM `banner_item` WHERE  `banner_id` = 1 [ RunTime:0.001000s ]
[ sql ] [ SQL ] SELECT * FROM `banner_item` WHERE  `banner_id` = 1 [ RunTime:0.001000s ]
[ sql ] [ SQL ] SHOW COLUMNS FROM `image` [ RunTime:0.046002s ]
[ sql ] [ SQL ] SELECT * FROM `image` WHERE  `id` IN (65,2,3,1) [ RunTime:0.001000s ]
---------------------------------------------------------------
[ 2018-06-14T22:20:16+08:00 ] 127.0.0.1 GET /api/v1/banner/1
[ info ] ceshi.cn/api/v1/banner/1 [运行时间：0.265015s][吞吐率：3.77req/s] [内存消耗：3,172.68kb] [文件加载：60]
[ sql ] [ DB ] CONNECT:[ UseTime:0.011001s ] mysql:host=127.0.0.1;port=3306;dbname=zerg;charset=utf8
[ sql ] [ SQL ] SHOW COLUMNS FROM `banner` [ RunTime:0.056003s ]
[ sql ] [ SQL ] SELECT * FROM `banner` WHERE  `id` = 1 LIMIT 1 [ RunTime:0.000000s ]
[ sql ] [ SQL ] SHOW COLUMNS FROM `banner_item` [ RunTime:0.014001s ]
[ sql ] [ SQL ] SELECT * FROM `banner_item` WHERE  `banner_id` = 1 [ RunTime:0.002000s ]
[ sql ] [ SQL ] SELECT * FROM `banner_item` WHERE  `banner_id` = 1 [ RunTime:0.015001s ]
[ sql ] [ SQL ] SHOW COLUMNS FROM `image` [ RunTime:0.031002s ]
[ sql ] [ SQL ] SELECT * FROM `image` WHERE  `id` IN (65,2,3,1) [ RunTime:0.005000s ]
---------------------------------------------------------------
[ 2018-06-14T22:20:23+08:00 ] 127.0.0.1 GET /api/v1/banner/1
[ info ] ceshi.cn/api/v1/banner/1 [运行时间：0.254015s][吞吐率：3.94req/s] [内存消耗：3,172.68kb] [文件加载：60]
[ sql ] [ DB ] CONNECT:[ UseTime:0.002001s ] mysql:host=127.0.0.1;port=3306;dbname=zerg;charset=utf8
[ sql ] [ SQL ] SHOW COLUMNS FROM `banner` [ RunTime:0.036002s ]
[ sql ] [ SQL ] SELECT * FROM `banner` WHERE  `id` = 1 LIMIT 1 [ RunTime:0.001000s ]
[ sql ] [ SQL ] SHOW COLUMNS FROM `banner_item` [ RunTime:0.038002s ]
[ sql ] [ SQL ] SELECT * FROM `banner_item` WHERE  `banner_id` = 1 [ RunTime:0.001000s ]
[ sql ] [ SQL ] SELECT * FROM `banner_item` WHERE  `banner_id` = 1 [ RunTime:0.001000s ]
[ sql ] [ SQL ] SHOW COLUMNS FROM `image` [ RunTime:0.037002s ]
[ sql ] [ SQL ] SELECT * FROM `image` WHERE  `id` IN (65,2,3,1) [ RunTime:0.007001s ]
---------------------------------------------------------------
[ 2018-06-14T22:20:54+08:00 ] 127.0.0.1 GET /api/v1/banner/1
[ info ] ceshi.cn/api/v1/banner/1 [运行时间：0.282016s][吞吐率：3.55req/s] [内存消耗：3,172.68kb] [文件加载：60]
[ sql ] [ DB ] CONNECT:[ UseTime:0.001000s ] mysql:host=127.0.0.1;port=3306;dbname=zerg;charset=utf8
[ sql ] [ SQL ] SHOW COLUMNS FROM `banner` [ RunTime:0.034002s ]
[ sql ] [ SQL ] SELECT * FROM `banner` WHERE  `id` = 1 LIMIT 1 [ RunTime:0.001000s ]
[ sql ] [ SQL ] SHOW COLUMNS FROM `banner_item` [ RunTime:0.028002s ]
[ sql ] [ SQL ] SELECT * FROM `banner_item` WHERE  `banner_id` = 1 [ RunTime:0.002000s ]
[ sql ] [ SQL ] SELECT * FROM `banner_item` WHERE  `banner_id` = 1 [ RunTime:0.001000s ]
[ sql ] [ SQL ] SHOW COLUMNS FROM `image` [ RunTime:0.038002s ]
[ sql ] [ SQL ] SELECT * FROM `image` WHERE  `id` IN (65,2,3,1) [ RunTime:0.002000s ]
---------------------------------------------------------------
[ 2018-06-14T22:21:00+08:00 ] 127.0.0.1 GET /api/v1/banner/1
[ info ] ceshi.cn/api/v1/banner/1 [运行时间：0.289017s][吞吐率：3.46req/s] [内存消耗：3,172.68kb] [文件加载：60]
[ sql ] [ DB ] CONNECT:[ UseTime:0.002000s ] mysql:host=127.0.0.1;port=3306;dbname=zerg;charset=utf8
[ sql ] [ SQL ] SHOW COLUMNS FROM `banner` [ RunTime:0.038002s ]
[ sql ] [ SQL ] SELECT * FROM `banner` WHERE  `id` = 1 LIMIT 1 [ RunTime:0.001000s ]
[ sql ] [ SQL ] SHOW COLUMNS FROM `banner_item` [ RunTime:0.032002s ]
[ sql ] [ SQL ] SELECT * FROM `banner_item` WHERE  `banner_id` = 1 [ RunTime:0.001000s ]
[ sql ] [ SQL ] SELECT * FROM `banner_item` WHERE  `banner_id` = 1 [ RunTime:0.001000s ]
[ sql ] [ SQL ] SHOW COLUMNS FROM `image` [ RunTime:0.032002s ]
[ sql ] [ SQL ] SELECT * FROM `image` WHERE  `id` IN (65,2,3,1) [ RunTime:0.001000s ]
---------------------------------------------------------------
[ 2018-06-14T22:21:07+08:00 ] 127.0.0.1 GET /api/v1/banner/1
[ info ] ceshi.cn/api/v1/banner/1 [运行时间：0.293017s][吞吐率：3.41req/s] [内存消耗：3,172.68kb] [文件加载：60]
[ sql ] [ DB ] CONNECT:[ UseTime:0.002000s ] mysql:host=127.0.0.1;port=3306;dbname=zerg;charset=utf8
[ sql ] [ SQL ] SHOW COLUMNS FROM `banner` [ RunTime:0.039002s ]
[ sql ] [ SQL ] SELECT * FROM `banner` WHERE  `id` = 1 LIMIT 1 [ RunTime:0.001001s ]
[ sql ] [ SQL ] SHOW COLUMNS FROM `banner_item` [ RunTime:0.030001s ]
[ sql ] [ SQL ] SELECT * FROM `banner_item` WHERE  `banner_id` = 1 [ RunTime:0.001000s ]
[ sql ] [ SQL ] SELECT * FROM `banner_item` WHERE  `banner_id` = 1 [ RunTime:0.001000s ]
[ sql ] [ SQL ] SHOW COLUMNS FROM `image` [ RunTime:0.032002s ]
[ sql ] [ SQL ] SELECT * FROM `image` WHERE  `id` IN (65,2,3,1) [ RunTime:0.001000s ]
---------------------------------------------------------------
[ 2018-06-14T22:21:31+08:00 ] 127.0.0.1 GET /api/v1/banner/1
[ info ] ceshi.cn/api/v1/banner/1 [运行时间：0.262015s][吞吐率：3.82req/s] [内存消耗：3,172.68kb] [文件加载：60]
[ sql ] [ DB ] CONNECT:[ UseTime:0.002000s ] mysql:host=127.0.0.1;port=3306;dbname=zerg;charset=utf8
[ sql ] [ SQL ] SHOW COLUMNS FROM `banner` [ RunTime:0.033002s ]
[ sql ] [ SQL ] SELECT * FROM `banner` WHERE  `id` = 1 LIMIT 1 [ RunTime:0.001000s ]
[ sql ] [ SQL ] SHOW COLUMNS FROM `banner_item` [ RunTime:0.028002s ]
[ sql ] [ SQL ] SELECT * FROM `banner_item` WHERE  `banner_id` = 1 [ RunTime:0.002000s ]
[ sql ] [ SQL ] SELECT * FROM `banner_item` WHERE  `banner_id` = 1 [ RunTime:0.001000s ]
[ sql ] [ SQL ] SHOW COLUMNS FROM `image` [ RunTime:0.030002s ]
[ sql ] [ SQL ] SELECT * FROM `image` WHERE  `id` IN (65,2,3,1) [ RunTime:0.001000s ]
---------------------------------------------------------------
[ 2018-06-14T22:21:58+08:00 ] 127.0.0.1 GET /api/v1/banner/1
[ info ] ceshi.cn/api/v1/banner/1 [运行时间：0.252014s][吞吐率：3.97req/s] [内存消耗：3,172.68kb] [文件加载：60]
[ sql ] [ DB ] CONNECT:[ UseTime:0.003001s ] mysql:host=127.0.0.1;port=3306;dbname=zerg;charset=utf8
[ sql ] [ SQL ] SHOW COLUMNS FROM `banner` [ RunTime:0.020001s ]
[ sql ] [ SQL ] SELECT * FROM `banner` WHERE  `id` = 1 LIMIT 1 [ RunTime:0.001000s ]
[ sql ] [ SQL ] SHOW COLUMNS FROM `banner_item` [ RunTime:0.021001s ]
[ sql ] [ SQL ] SELECT * FROM `banner_item` WHERE  `banner_id` = 1 [ RunTime:0.001000s ]
[ sql ] [ SQL ] SELECT * FROM `banner_item` WHERE  `banner_id` = 1 [ RunTime:0.000000s ]
[ sql ] [ SQL ] SHOW COLUMNS FROM `image` [ RunTime:0.020001s ]
[ sql ] [ SQL ] SELECT * FROM `image` WHERE  `id` IN (65,2,3,1) [ RunTime:0.001000s ]
---------------------------------------------------------------
[ 2018-06-14T22:22:21+08:00 ] 127.0.0.1 GET /api/v1/banner/1
[ info ] ceshi.cn/api/v1/banner/1 [运行时间：0.341019s][吞吐率：2.93req/s] [内存消耗：3,172.68kb] [文件加载：60]
[ sql ] [ DB ] CONNECT:[ UseTime:0.002000s ] mysql:host=127.0.0.1;port=3306;dbname=zerg;charset=utf8
[ sql ] [ SQL ] SHOW COLUMNS FROM `banner` [ RunTime:0.026002s ]
[ sql ] [ SQL ] SELECT * FROM `banner` WHERE  `id` = 1 LIMIT 1 [ RunTime:0.001000s ]
[ sql ] [ SQL ] SHOW COLUMNS FROM `banner_item` [ RunTime:0.024002s ]
[ sql ] [ SQL ] SELECT * FROM `banner_item` WHERE  `banner_id` = 1 [ RunTime:0.001000s ]
[ sql ] [ SQL ] SELECT * FROM `banner_item` WHERE  `banner_id` = 1 [ RunTime:0.001000s ]
[ sql ] [ SQL ] SHOW COLUMNS FROM `image` [ RunTime:0.023001s ]
[ sql ] [ SQL ] SELECT * FROM `image` WHERE  `id` IN (65,2,3,1) [ RunTime:0.001000s ]
---------------------------------------------------------------
[ 2018-06-14T22:22:43+08:00 ] 127.0.0.1 GET /api/v1/banner/1
[ info ] ceshi.cn/api/v1/banner/1 [运行时间：0.225013s][吞吐率：4.44req/s] [内存消耗：3,172.68kb] [文件加载：60]
[ sql ] [ DB ] CONNECT:[ UseTime:0.002000s ] mysql:host=127.0.0.1;port=3306;dbname=zerg;charset=utf8
[ sql ] [ SQL ] SHOW COLUMNS FROM `banner` [ RunTime:0.020001s ]
[ sql ] [ SQL ] SELECT * FROM `banner` WHERE  `id` = 1 LIMIT 1 [ RunTime:0.001001s ]
[ sql ] [ SQL ] SHOW COLUMNS FROM `banner_item` [ RunTime:0.021001s ]
[ sql ] [ SQL ] SELECT * FROM `banner_item` WHERE  `banner_id` = 1 [ RunTime:0.001000s ]
[ sql ] [ SQL ] SELECT * FROM `banner_item` WHERE  `banner_id` = 1 [ RunTime:0.001000s ]
[ sql ] [ SQL ] SHOW COLUMNS FROM `image` [ RunTime:0.021001s ]
[ sql ] [ SQL ] SELECT * FROM `image` WHERE  `id` IN (65,2,3,1) [ RunTime:0.001000s ]
---------------------------------------------------------------
[ 2018-06-14T22:23:36+08:00 ] 127.0.0.1 GET /api/v1/banner/1
[ info ] ceshi.cn/api/v1/banner/1 [运行时间：0.304017s][吞吐率：3.29req/s] [内存消耗：3,172.68kb] [文件加载：60]
[ sql ] [ DB ] CONNECT:[ UseTime:0.009000s ] mysql:host=127.0.0.1;port=3306;dbname=zerg;charset=utf8
[ sql ] [ SQL ] SHOW COLUMNS FROM `banner` [ RunTime:0.026002s ]
[ sql ] [ SQL ] SELECT * FROM `banner` WHERE  `id` = 1 LIMIT 1 [ RunTime:0.001000s ]
[ sql ] [ SQL ] SHOW COLUMNS FROM `banner_item` [ RunTime:0.031002s ]
[ sql ] [ SQL ] SELECT * FROM `banner_item` WHERE  `banner_id` = 1 [ RunTime:0.001000s ]
[ sql ] [ SQL ] SELECT * FROM `banner_item` WHERE  `banner_id` = 1 [ RunTime:0.007001s ]
[ sql ] [ SQL ] SHOW COLUMNS FROM `image` [ RunTime:0.018001s ]
[ sql ] [ SQL ] SELECT * FROM `image` WHERE  `id` IN (65,2,3,1) [ RunTime:0.001000s ]
---------------------------------------------------------------
[ 2018-06-14T22:23:42+08:00 ] 127.0.0.1 GET /api/v1/banner/1
[ info ] ceshi.cn/api/v1/banner/1 [运行时间：0.255014s][吞吐率：3.92req/s] [内存消耗：3,172.68kb] [文件加载：60]
[ sql ] [ DB ] CONNECT:[ UseTime:0.002000s ] mysql:host=127.0.0.1;port=3306;dbname=zerg;charset=utf8
[ sql ] [ SQL ] SHOW COLUMNS FROM `banner` [ RunTime:0.024001s ]
[ sql ] [ SQL ] SELECT * FROM `banner` WHERE  `id` = 1 LIMIT 1 [ RunTime:0.001000s ]
[ sql ] [ SQL ] SHOW COLUMNS FROM `banner_item` [ RunTime:0.021002s ]
[ sql ] [ SQL ] SELECT * FROM `banner_item` WHERE  `banner_id` = 1 [ RunTime:0.001000s ]
[ sql ] [ SQL ] SELECT * FROM `banner_item` WHERE  `banner_id` = 1 [ RunTime:0.001000s ]
[ sql ] [ SQL ] SHOW COLUMNS FROM `image` [ RunTime:0.020001s ]
[ sql ] [ SQL ] SELECT * FROM `image` WHERE  `id` IN (65,2,3,1) [ RunTime:0.001000s ]
---------------------------------------------------------------
[ 2018-06-14T22:23:55+08:00 ] 127.0.0.1 GET /api/v1/banner/1
[ info ] ceshi.cn/api/v1/banner/1 [运行时间：0.243014s][吞吐率：4.11req/s] [内存消耗：3,172.68kb] [文件加载：60]
[ sql ] [ DB ] CONNECT:[ UseTime:0.002000s ] mysql:host=127.0.0.1;port=3306;dbname=zerg;charset=utf8
[ sql ] [ SQL ] SHOW COLUMNS FROM `banner` [ RunTime:0.021001s ]
[ sql ] [ SQL ] SELECT * FROM `banner` WHERE  `id` = 1 LIMIT 1 [ RunTime:0.001000s ]
[ sql ] [ SQL ] SHOW COLUMNS FROM `banner_item` [ RunTime:0.022002s ]
[ sql ] [ SQL ] SELECT * FROM `banner_item` WHERE  `banner_id` = 1 [ RunTime:0.000000s ]
[ sql ] [ SQL ] SELECT * FROM `banner_item` WHERE  `banner_id` = 1 [ RunTime:0.001000s ]
[ sql ] [ SQL ] SHOW COLUMNS FROM `image` [ RunTime:0.022001s ]
[ sql ] [ SQL ] SELECT * FROM `image` WHERE  `id` IN (65,2,3,1) [ RunTime:0.001000s ]
---------------------------------------------------------------
[ 2018-06-14T22:24:26+08:00 ] 127.0.0.1 GET /api/v1/banner/1
[ info ] ceshi.cn/api/v1/banner/1 [运行时间：0.241014s][吞吐率：4.15req/s] [内存消耗：3,172.68kb] [文件加载：60]
[ sql ] [ DB ] CONNECT:[ UseTime:0.001000s ] mysql:host=127.0.0.1;port=3306;dbname=zerg;charset=utf8
[ sql ] [ SQL ] SHOW COLUMNS FROM `banner` [ RunTime:0.027001s ]
[ sql ] [ SQL ] SELECT * FROM `banner` WHERE  `id` = 1 LIMIT 1 [ RunTime:0.001000s ]
[ sql ] [ SQL ] SHOW COLUMNS FROM `banner_item` [ RunTime:0.020001s ]
[ sql ] [ SQL ] SELECT * FROM `banner_item` WHERE  `banner_id` = 1 [ RunTime:0.001000s ]
[ sql ] [ SQL ] SELECT * FROM `banner_item` WHERE  `banner_id` = 1 [ RunTime:0.001000s ]
[ sql ] [ SQL ] SHOW COLUMNS FROM `image` [ RunTime:0.021001s ]
[ sql ] [ SQL ] SELECT * FROM `image` WHERE  `id` IN (65,2,3,1) [ RunTime:0.001000s ]
---------------------------------------------------------------
[ 2018-06-14T22:26:42+08:00 ] 127.0.0.1 GET /api/v1/banner/1
[ info ] ceshi.cn/api/v1/banner/1 [运行时间：0.332019s][吞吐率：3.01req/s] [内存消耗：3,172.68kb] [文件加载：60]
[ sql ] [ DB ] CONNECT:[ UseTime:0.011001s ] mysql:host=127.0.0.1;port=3306;dbname=zerg;charset=utf8
[ sql ] [ SQL ] SHOW COLUMNS FROM `banner` [ RunTime:0.038002s ]
[ sql ] [ SQL ] SELECT * FROM `banner` WHERE  `id` = 1 LIMIT 1 [ RunTime:0.001000s ]
[ sql ] [ SQL ] SHOW COLUMNS FROM `banner_item` [ RunTime:0.025002s ]
[ sql ] [ SQL ] SELECT * FROM `banner_item` WHERE  `banner_id` = 1 [ RunTime:0.001000s ]
[ sql ] [ SQL ] SELECT * FROM `banner_item` WHERE  `banner_id` = 1 [ RunTime:0.001000s ]
[ sql ] [ SQL ] SHOW COLUMNS FROM `image` [ RunTime:0.021001s ]
[ sql ] [ SQL ] SELECT * FROM `image` WHERE  `id` IN (65,2,3,1) [ RunTime:0.001000s ]
---------------------------------------------------------------
[ 2018-06-14T22:26:52+08:00 ] 127.0.0.1 GET /api/v1/banner/1
[ info ] ceshi.cn/api/v1/banner/1 [运行时间：0.245014s][吞吐率：4.08req/s] [内存消耗：3,172.68kb] [文件加载：60]
[ sql ] [ DB ] CONNECT:[ UseTime:0.002000s ] mysql:host=127.0.0.1;port=3306;dbname=zerg;charset=utf8
[ sql ] [ SQL ] SHOW COLUMNS FROM `banner` [ RunTime:0.022002s ]
[ sql ] [ SQL ] SELECT * FROM `banner` WHERE  `id` = 1 LIMIT 1 [ RunTime:0.001000s ]
[ sql ] [ SQL ] SHOW COLUMNS FROM `banner_item` [ RunTime:0.025001s ]
[ sql ] [ SQL ] SELECT * FROM `banner_item` WHERE  `banner_id` = 1 [ RunTime:0.001000s ]
[ sql ] [ SQL ] SELECT * FROM `banner_item` WHERE  `banner_id` = 1 [ RunTime:0.001000s ]
[ sql ] [ SQL ] SHOW COLUMNS FROM `image` [ RunTime:0.021001s ]
[ sql ] [ SQL ] SELECT * FROM `image` WHERE  `id` IN (65,2,3,1) [ RunTime:0.001001s ]
---------------------------------------------------------------
[ 2018-06-14T22:27:12+08:00 ] 127.0.0.1 GET /api/v1/banner/1
[ info ] ceshi.cn/api/v1/banner/1 [运行时间：0.298017s][吞吐率：3.36req/s] [内存消耗：3,172.68kb] [文件加载：60]
[ sql ] [ DB ] CONNECT:[ UseTime:0.002000s ] mysql:host=127.0.0.1;port=3306;dbname=zerg;charset=utf8
[ sql ] [ SQL ] SHOW COLUMNS FROM `banner` [ RunTime:0.042003s ]
[ sql ] [ SQL ] SELECT * FROM `banner` WHERE  `id` = 1 LIMIT 1 [ RunTime:0.001000s ]
[ sql ] [ SQL ] SHOW COLUMNS FROM `banner_item` [ RunTime:0.035002s ]
[ sql ] [ SQL ] SELECT * FROM `banner_item` WHERE  `banner_id` = 1 [ RunTime:0.001000s ]
[ sql ] [ SQL ] SELECT * FROM `banner_item` WHERE  `banner_id` = 1 [ RunTime:0.001000s ]
[ sql ] [ SQL ] SHOW COLUMNS FROM `image` [ RunTime:0.026001s ]
[ sql ] [ SQL ] SELECT * FROM `image` WHERE  `id` IN (65,2,3,1) [ RunTime:0.000000s ]
---------------------------------------------------------------
[ 2018-06-14T22:27:20+08:00 ] 127.0.0.1 GET /api/v1/banner/1
[ info ] ceshi.cn/api/v1/banner/1 [运行时间：0.265015s][吞吐率：3.77req/s] [内存消耗：3,172.68kb] [文件加载：60]
[ sql ] [ DB ] CONNECT:[ UseTime:0.002000s ] mysql:host=127.0.0.1;port=3306;dbname=zerg;charset=utf8
[ sql ] [ SQL ] SHOW COLUMNS FROM `banner` [ RunTime:0.047003s ]
[ sql ] [ SQL ] SELECT * FROM `banner` WHERE  `id` = 1 LIMIT 1 [ RunTime:0.001000s ]
[ sql ] [ SQL ] SHOW COLUMNS FROM `banner_item` [ RunTime:0.019001s ]
[ sql ] [ SQL ] SELECT * FROM `banner_item` WHERE  `banner_id` = 1 [ RunTime:0.007000s ]
[ sql ] [ SQL ] SELECT * FROM `banner_item` WHERE  `banner_id` = 1 [ RunTime:0.001000s ]
[ sql ] [ SQL ] SHOW COLUMNS FROM `image` [ RunTime:0.021002s ]
[ sql ] [ SQL ] SELECT * FROM `image` WHERE  `id` IN (65,2,3,1) [ RunTime:0.001000s ]
---------------------------------------------------------------
[ 2018-06-14T22:28:40+08:00 ] 127.0.0.1 GET /api/v1/banner/1
[ info ] ceshi.cn/api/v1/banner/1 [运行时间：0.343020s][吞吐率：2.92req/s] [内存消耗：3,172.68kb] [文件加载：60]
[ sql ] [ DB ] CONNECT:[ UseTime:0.003000s ] mysql:host=127.0.0.1;port=3306;dbname=zerg;charset=utf8
[ sql ] [ SQL ] SHOW COLUMNS FROM `banner` [ RunTime:0.029001s ]
[ sql ] [ SQL ] SELECT * FROM `banner` WHERE  `id` = 1 LIMIT 1 [ RunTime:0.001001s ]
[ sql ] [ SQL ] SHOW COLUMNS FROM `banner_item` [ RunTime:0.037002s ]
[ sql ] [ SQL ] SELECT * FROM `banner_item` WHERE  `banner_id` = 1 [ RunTime:0.002000s ]
[ sql ] [ SQL ] SELECT * FROM `banner_item` WHERE  `banner_id` = 1 [ RunTime:0.001000s ]
[ sql ] [ SQL ] SHOW COLUMNS FROM `image` [ RunTime:0.080004s ]
[ sql ] [ SQL ] SELECT * FROM `image` WHERE  `id` IN (65,2,3,1) [ RunTime:0.001000s ]
---------------------------------------------------------------
[ 2018-06-14T22:29:08+08:00 ] 127.0.0.1 GET /api/v1/banner/1
[ info ] ceshi.cn/api/v1/banner/1 [运行时间：0.264015s][吞吐率：3.79req/s] [内存消耗：3,172.68kb] [文件加载：60]
[ sql ] [ DB ] CONNECT:[ UseTime:0.002000s ] mysql:host=127.0.0.1;port=3306;dbname=zerg;charset=utf8
[ sql ] [ SQL ] SHOW COLUMNS FROM `banner` [ RunTime:0.036002s ]
[ sql ] [ SQL ] SELECT * FROM `banner` WHERE  `id` = 1 LIMIT 1 [ RunTime:0.001000s ]
[ sql ] [ SQL ] SHOW COLUMNS FROM `banner_item` [ RunTime:0.034002s ]
[ sql ] [ SQL ] SELECT * FROM `banner_item` WHERE  `banner_id` = 1 [ RunTime:0.001000s ]
[ sql ] [ SQL ] SELECT * FROM `banner_item` WHERE  `banner_id` = 1 [ RunTime:0.001000s ]
[ sql ] [ SQL ] SHOW COLUMNS FROM `image` [ RunTime:0.034002s ]
[ sql ] [ SQL ] SELECT * FROM `image` WHERE  `id` IN (65,2,3,1) [ RunTime:0.001000s ]
---------------------------------------------------------------
[ 2018-06-14T22:29:22+08:00 ] 127.0.0.1 GET /api/v1/banner/1
[ info ] ceshi.cn/api/v1/banner/1 [运行时间：0.294017s][吞吐率：3.40req/s] [内存消耗：3,172.68kb] [文件加载：60]
[ sql ] [ DB ] CONNECT:[ UseTime:0.003000s ] mysql:host=127.0.0.1;port=3306;dbname=zerg;charset=utf8
[ sql ] [ SQL ] SHOW COLUMNS FROM `banner` [ RunTime:0.049003s ]
[ sql ] [ SQL ] SELECT * FROM `banner` WHERE  `id` = 1 LIMIT 1 [ RunTime:0.001000s ]
[ sql ] [ SQL ] SHOW COLUMNS FROM `banner_item` [ RunTime:0.034002s ]
[ sql ] [ SQL ] SELECT * FROM `banner_item` WHERE  `banner_id` = 1 [ RunTime:0.001000s ]
[ sql ] [ SQL ] SELECT * FROM `banner_item` WHERE  `banner_id` = 1 [ RunTime:0.001000s ]
[ sql ] [ SQL ] SHOW COLUMNS FROM `image` [ RunTime:0.026002s ]
[ sql ] [ SQL ] SELECT * FROM `image` WHERE  `id` IN (65,2,3,1) [ RunTime:0.001000s ]
---------------------------------------------------------------
[ 2018-06-14T22:32:21+08:00 ] 127.0.0.1 GET /api/v1/banner/1
[ info ] ceshi.cn/api/v1/banner/1 [运行时间：0.279016s][吞吐率：3.58req/s] [内存消耗：3,172.68kb] [文件加载：60]
[ sql ] [ DB ] CONNECT:[ UseTime:0.011001s ] mysql:host=127.0.0.1;port=3306;dbname=zerg;charset=utf8
[ sql ] [ SQL ] SHOW COLUMNS FROM `banner` [ RunTime:0.026001s ]
[ sql ] [ SQL ] SELECT * FROM `banner` WHERE  `id` = 1 LIMIT 1 [ RunTime:0.001000s ]
[ sql ] [ SQL ] SHOW COLUMNS FROM `banner_item` [ RunTime:0.030001s ]
[ sql ] [ SQL ] SELECT * FROM `banner_item` WHERE  `banner_id` = 1 [ RunTime:0.001000s ]
[ sql ] [ SQL ] SELECT * FROM `banner_item` WHERE  `banner_id` = 1 [ RunTime:0.001000s ]
[ sql ] [ SQL ] SHOW COLUMNS FROM `image` [ RunTime:0.033002s ]
[ sql ] [ SQL ] SELECT * FROM `image` WHERE  `id` IN (65,2,3,1) [ RunTime:0.001000s ]
---------------------------------------------------------------
[ 2018-06-14T22:32:26+08:00 ] 127.0.0.1 GET /api/v1/banner/1
[ info ] ceshi.cn/api/v1/banner/1 [运行时间：0.278016s][吞吐率：3.60req/s] [内存消耗：3,172.68kb] [文件加载：60]
[ sql ] [ DB ] CONNECT:[ UseTime:0.003000s ] mysql:host=127.0.0.1;port=3306;dbname=zerg;charset=utf8
[ sql ] [ SQL ] SHOW COLUMNS FROM `banner` [ RunTime:0.025001s ]
[ sql ] [ SQL ] SELECT * FROM `banner` WHERE  `id` = 1 LIMIT 1 [ RunTime:0.001000s ]
[ sql ] [ SQL ] SHOW COLUMNS FROM `banner_item` [ RunTime:0.029001s ]
[ sql ] [ SQL ] SELECT * FROM `banner_item` WHERE  `banner_id` = 1 [ RunTime:0.001001s ]
[ sql ] [ SQL ] SELECT * FROM `banner_item` WHERE  `banner_id` = 1 [ RunTime:0.001000s ]
[ sql ] [ SQL ] SHOW COLUMNS FROM `image` [ RunTime:0.030002s ]
[ sql ] [ SQL ] SELECT * FROM `image` WHERE  `id` IN (65,2,3,1) [ RunTime:0.001000s ]
---------------------------------------------------------------
[ 2018-06-14T22:32:41+08:00 ] 127.0.0.1 GET /api/v1/banner/1
[ info ] ceshi.cn/api/v1/banner/1 [运行时间：0.264016s][吞吐率：3.79req/s] [内存消耗：3,172.68kb] [文件加载：60]
[ sql ] [ DB ] CONNECT:[ UseTime:0.011000s ] mysql:host=127.0.0.1;port=3306;dbname=zerg;charset=utf8
[ sql ] [ SQL ] SHOW COLUMNS FROM `banner` [ RunTime:0.029002s ]
[ sql ] [ SQL ] SELECT * FROM `banner` WHERE  `id` = 1 LIMIT 1 [ RunTime:0.001000s ]
[ sql ] [ SQL ] SHOW COLUMNS FROM `banner_item` [ RunTime:0.034002s ]
[ sql ] [ SQL ] SELECT * FROM `banner_item` WHERE  `banner_id` = 1 [ RunTime:0.001000s ]
[ sql ] [ SQL ] SELECT * FROM `banner_item` WHERE  `banner_id` = 1 [ RunTime:0.001000s ]
[ sql ] [ SQL ] SHOW COLUMNS FROM `image` [ RunTime:0.030002s ]
[ sql ] [ SQL ] SELECT * FROM `image` WHERE  `id` IN (65,2,3,1) [ RunTime:0.001000s ]
---------------------------------------------------------------
[ 2018-06-14T22:41:40+08:00 ] 127.0.0.1 GET /api/v1/banner/1
[ info ] ceshi.cn/api/v1/banner/1 [运行时间：0.327019s][吞吐率：3.06req/s] [内存消耗：3,172.68kb] [文件加载：60]
[ sql ] [ DB ] CONNECT:[ UseTime:0.002001s ] mysql:host=127.0.0.1;port=3306;dbname=zerg;charset=utf8
[ sql ] [ SQL ] SHOW COLUMNS FROM `banner` [ RunTime:0.045003s ]
[ sql ] [ SQL ] SELECT * FROM `banner` WHERE  `id` = 1 LIMIT 1 [ RunTime:0.001000s ]
[ sql ] [ SQL ] SHOW COLUMNS FROM `banner_item` [ RunTime:0.034002s ]
[ sql ] [ SQL ] SELECT * FROM `banner_item` WHERE  `banner_id` = 1 [ RunTime:0.002000s ]
[ sql ] [ SQL ] SELECT * FROM `banner_item` WHERE  `banner_id` = 1 [ RunTime:0.001000s ]
[ sql ] [ SQL ] SHOW COLUMNS FROM `image` [ RunTime:0.034002s ]
[ sql ] [ SQL ] SELECT * FROM `image` WHERE  `id` IN (65,2,3,1) [ RunTime:0.002000s ]
---------------------------------------------------------------
[ 2018-06-14T22:41:41+08:00 ] 127.0.0.1 GET /api/v1/theme?ids=1,2,3
[ info ] ceshi.cn/api/v1/theme?ids=1,2,3 [运行时间：0.468027s][吞吐率：2.14req/s] [内存消耗：3,410.35kb] [文件加载：64]
[ sql ] [ DB ] CONNECT:[ UseTime:0.011000s ] mysql:host=127.0.0.1;port=3306;dbname=zerg;charset=utf8
[ sql ] [ SQL ] SHOW COLUMNS FROM `theme` [ RunTime:0.061004s ]
[ sql ] [ SQL ] SELECT * FROM `theme` WHERE  `id` IN (1,2,3) [ RunTime:0.002000s ]
[ sql ] [ SQL ] SHOW COLUMNS FROM `image` [ RunTime:0.038002s ]
[ sql ] [ SQL ] SELECT * FROM `image` WHERE  `id` IN (16,17,18) [ RunTime:0.002000s ]
[ sql ] [ SQL ] SELECT * FROM `image` WHERE  `id` IN (49,50,18) [ RunTime:0.002000s ]
---------------------------------------------------------------
[ 2018-06-14T22:42:22+08:00 ] 127.0.0.1 GET /api/v1/banner/1
[ info ] ceshi.cn/api/v1/banner/1 [运行时间：0.294016s][吞吐率：3.40req/s] [内存消耗：3,172.68kb] [文件加载：60]
[ sql ] [ DB ] CONNECT:[ UseTime:0.011001s ] mysql:host=127.0.0.1;port=3306;dbname=zerg;charset=utf8
[ sql ] [ SQL ] SHOW COLUMNS FROM `banner` [ RunTime:0.018001s ]
[ sql ] [ SQL ] SELECT * FROM `banner` WHERE  `id` = 1 LIMIT 1 [ RunTime:0.001000s ]
[ sql ] [ SQL ] SHOW COLUMNS FROM `banner_item` [ RunTime:0.029002s ]
[ sql ] [ SQL ] SELECT * FROM `banner_item` WHERE  `banner_id` = 1 [ RunTime:0.002000s ]
[ sql ] [ SQL ] SELECT * FROM `banner_item` WHERE  `banner_id` = 1 [ RunTime:0.001000s ]
[ sql ] [ SQL ] SHOW COLUMNS FROM `image` [ RunTime:0.036002s ]
[ sql ] [ SQL ] SELECT * FROM `image` WHERE  `id` IN (65,2,3,1) [ RunTime:0.001000s ]
---------------------------------------------------------------
[ 2018-06-14T22:42:22+08:00 ] 127.0.0.1 GET /api/v1/theme?ids=1,2,3
[ info ] ceshi.cn/api/v1/theme?ids=1,2,3 [运行时间：0.267016s][吞吐率：3.75req/s] [内存消耗：3,410.29kb] [文件加载：64]
[ sql ] [ DB ] CONNECT:[ UseTime:0.016001s ] mysql:host=127.0.0.1;port=3306;dbname=zerg;charset=utf8
[ sql ] [ SQL ] SHOW COLUMNS FROM `theme` [ RunTime:0.032002s ]
[ sql ] [ SQL ] SELECT * FROM `theme` WHERE  `id` IN (1,2,3) [ RunTime:0.009000s ]
[ sql ] [ SQL ] SHOW COLUMNS FROM `image` [ RunTime:0.027001s ]
[ sql ] [ SQL ] SELECT * FROM `image` WHERE  `id` IN (16,17,18) [ RunTime:0.001000s ]
[ sql ] [ SQL ] SELECT * FROM `image` WHERE  `id` IN (49,50,18) [ RunTime:0.001000s ]
---------------------------------------------------------------
[ 2018-06-14T22:42:59+08:00 ] 127.0.0.1 GET /api/v1/theme?ids=1,2,3
[ info ] ceshi.cn/api/v1/theme?ids=1,2,3 [运行时间：0.269015s][吞吐率：3.72req/s] [内存消耗：3,410.29kb] [文件加载：64]
[ sql ] [ DB ] CONNECT:[ UseTime:0.012001s ] mysql:host=127.0.0.1;port=3306;dbname=zerg;charset=utf8
[ sql ] [ SQL ] SHOW COLUMNS FROM `theme` [ RunTime:0.069004s ]
[ sql ] [ SQL ] SELECT * FROM `theme` WHERE  `id` IN (1,2,3) [ RunTime:0.001000s ]
[ sql ] [ SQL ] SHOW COLUMNS FROM `image` [ RunTime:0.040003s ]
[ sql ] [ SQL ] SELECT * FROM `image` WHERE  `id` IN (16,17,18) [ RunTime:0.001000s ]
[ sql ] [ SQL ] SELECT * FROM `image` WHERE  `id` IN (49,50,18) [ RunTime:0.002000s ]
---------------------------------------------------------------
[ 2018-06-14T22:42:59+08:00 ] 127.0.0.1 GET /api/v1/banner/1
[ info ] ceshi.cn/api/v1/banner/1 [运行时间：0.293016s][吞吐率：3.41req/s] [内存消耗：3,172.68kb] [文件加载：60]
[ sql ] [ DB ] CONNECT:[ UseTime:0.011000s ] mysql:host=127.0.0.1;port=3306;dbname=zerg;charset=utf8
[ sql ] [ SQL ] SHOW COLUMNS FROM `banner` [ RunTime:0.062004s ]
[ sql ] [ SQL ] SELECT * FROM `banner` WHERE  `id` = 1 LIMIT 1 [ RunTime:0.001000s ]
[ sql ] [ SQL ] SHOW COLUMNS FROM `banner_item` [ RunTime:0.042002s ]
[ sql ] [ SQL ] SELECT * FROM `banner_item` WHERE  `banner_id` = 1 [ RunTime:0.001000s ]
[ sql ] [ SQL ] SELECT * FROM `banner_item` WHERE  `banner_id` = 1 [ RunTime:0.000000s ]
[ sql ] [ SQL ] SHOW COLUMNS FROM `image` [ RunTime:0.031001s ]
[ sql ] [ SQL ] SELECT * FROM `image` WHERE  `id` IN (65,2,3,1) [ RunTime:0.003001s ]
---------------------------------------------------------------
[ 2018-06-14T22:43:19+08:00 ] 127.0.0.1 GET /api/v1/theme?ids=1,2,3
[ info ] ceshi.cn/api/v1/theme?ids=1,2,3 [运行时间：0.252014s][吞吐率：3.97req/s] [内存消耗：3,410.29kb] [文件加载：64]
[ sql ] [ DB ] CONNECT:[ UseTime:0.011001s ] mysql:host=127.0.0.1;port=3306;dbname=zerg;charset=utf8
[ sql ] [ SQL ] SHOW COLUMNS FROM `theme` [ RunTime:0.036002s ]
[ sql ] [ SQL ] SELECT * FROM `theme` WHERE  `id` IN (1,2,3) [ RunTime:0.002000s ]
[ sql ] [ SQL ] SHOW COLUMNS FROM `image` [ RunTime:0.045003s ]
[ sql ] [ SQL ] SELECT * FROM `image` WHERE  `id` IN (16,17,18) [ RunTime:0.001000s ]
[ sql ] [ SQL ] SELECT * FROM `image` WHERE  `id` IN (49,50,18) [ RunTime:0.001000s ]
---------------------------------------------------------------
[ 2018-06-14T22:43:19+08:00 ] 127.0.0.1 GET /api/v1/banner/1
[ info ] ceshi.cn/api/v1/banner/1 [运行时间：0.278016s][吞吐率：3.60req/s] [内存消耗：3,172.68kb] [文件加载：60]
[ sql ] [ DB ] CONNECT:[ UseTime:0.003000s ] mysql:host=127.0.0.1;port=3306;dbname=zerg;charset=utf8
[ sql ] [ SQL ] SHOW COLUMNS FROM `banner` [ RunTime:0.038002s ]
[ sql ] [ SQL ] SELECT * FROM `banner` WHERE  `id` = 1 LIMIT 1 [ RunTime:0.003001s ]
[ sql ] [ SQL ] SHOW COLUMNS FROM `banner_item` [ RunTime:0.046002s ]
[ sql ] [ SQL ] SELECT * FROM `banner_item` WHERE  `banner_id` = 1 [ RunTime:0.002000s ]
[ sql ] [ SQL ] SELECT * FROM `banner_item` WHERE  `banner_id` = 1 [ RunTime:0.001000s ]
[ sql ] [ SQL ] SHOW COLUMNS FROM `image` [ RunTime:0.030002s ]
[ sql ] [ SQL ] SELECT * FROM `image` WHERE  `id` IN (65,2,3,1) [ RunTime:0.002000s ]
---------------------------------------------------------------
[ 2018-06-14T22:43:47+08:00 ] 127.0.0.1 GET /api/v1/theme?ids=1,2,3
[ info ] ceshi.cn/api/v1/theme?ids=1,2,3 [运行时间：0.304017s][吞吐率：3.29req/s] [内存消耗：3,410.29kb] [文件加载：64]
[ sql ] [ DB ] CONNECT:[ UseTime:0.013001s ] mysql:host=127.0.0.1;port=3306;dbname=zerg;charset=utf8
[ sql ] [ SQL ] SHOW COLUMNS FROM `theme` [ RunTime:0.065003s ]
[ sql ] [ SQL ] SELECT * FROM `theme` WHERE  `id` IN (1,2,3) [ RunTime:0.003000s ]
[ sql ] [ SQL ] SHOW COLUMNS FROM `image` [ RunTime:0.054003s ]
[ sql ] [ SQL ] SELECT * FROM `image` WHERE  `id` IN (16,17,18) [ RunTime:0.001000s ]
[ sql ] [ SQL ] SELECT * FROM `image` WHERE  `id` IN (49,50,18) [ RunTime:0.001001s ]
---------------------------------------------------------------
[ 2018-06-14T22:43:47+08:00 ] 127.0.0.1 GET /api/v1/banner/1
[ info ] ceshi.cn/api/v1/banner/1 [运行时间：0.337019s][吞吐率：2.97req/s] [内存消耗：3,172.68kb] [文件加载：60]
[ sql ] [ DB ] CONNECT:[ UseTime:0.011001s ] mysql:host=127.0.0.1;port=3306;dbname=zerg;charset=utf8
[ sql ] [ SQL ] SHOW COLUMNS FROM `banner` [ RunTime:0.059004s ]
[ sql ] [ SQL ] SELECT * FROM `banner` WHERE  `id` = 1 LIMIT 1 [ RunTime:0.000000s ]
[ sql ] [ SQL ] SHOW COLUMNS FROM `banner_item` [ RunTime:0.057003s ]
[ sql ] [ SQL ] SELECT * FROM `banner_item` WHERE  `banner_id` = 1 [ RunTime:0.001000s ]
[ sql ] [ SQL ] SELECT * FROM `banner_item` WHERE  `banner_id` = 1 [ RunTime:0.001000s ]
[ sql ] [ SQL ] SHOW COLUMNS FROM `image` [ RunTime:0.030002s ]
[ sql ] [ SQL ] SELECT * FROM `image` WHERE  `id` IN (65,2,3,1) [ RunTime:0.001000s ]
---------------------------------------------------------------
[ 2018-06-14T22:44:04+08:00 ] 127.0.0.1 GET /api/v1/theme?ids=1,2,3
[ info ] ceshi.cn/api/v1/theme?ids=1,2,3 [运行时间：0.238014s][吞吐率：4.20req/s] [内存消耗：3,410.29kb] [文件加载：64]
[ sql ] [ DB ] CONNECT:[ UseTime:0.015001s ] mysql:host=127.0.0.1;port=3306;dbname=zerg;charset=utf8
[ sql ] [ SQL ] SHOW COLUMNS FROM `theme` [ RunTime:0.016001s ]
[ sql ] [ SQL ] SELECT * FROM `theme` WHERE  `id` IN (1,2,3) [ RunTime:0.001000s ]
[ sql ] [ SQL ] SHOW COLUMNS FROM `image` [ RunTime:0.016001s ]
[ sql ] [ SQL ] SELECT * FROM `image` WHERE  `id` IN (16,17,18) [ RunTime:0.001000s ]
[ sql ] [ SQL ] SELECT * FROM `image` WHERE  `id` IN (49,50,18) [ RunTime:0.002000s ]
---------------------------------------------------------------
[ 2018-06-14T22:44:04+08:00 ] 127.0.0.1 GET /api/v1/banner/1
[ info ] ceshi.cn/api/v1/banner/1 [运行时间：0.372021s][吞吐率：2.69req/s] [内存消耗：3,172.68kb] [文件加载：60]
[ sql ] [ DB ] CONNECT:[ UseTime:0.012000s ] mysql:host=127.0.0.1;port=3306;dbname=zerg;charset=utf8
[ sql ] [ SQL ] SHOW COLUMNS FROM `banner` [ RunTime:0.033002s ]
[ sql ] [ SQL ] SELECT * FROM `banner` WHERE  `id` = 1 LIMIT 1 [ RunTime:0.004001s ]
[ sql ] [ SQL ] SHOW COLUMNS FROM `banner_item` [ RunTime:0.025001s ]
[ sql ] [ SQL ] SELECT * FROM `banner_item` WHERE  `banner_id` = 1 [ RunTime:0.002000s ]
[ sql ] [ SQL ] SELECT * FROM `banner_item` WHERE  `banner_id` = 1 [ RunTime:0.006001s ]
[ sql ] [ SQL ] SHOW COLUMNS FROM `image` [ RunTime:0.032002s ]
[ sql ] [ SQL ] SELECT * FROM `image` WHERE  `id` IN (65,2,3,1) [ RunTime:0.002000s ]
---------------------------------------------------------------
[ 2018-06-14T22:45:41+08:00 ] 127.0.0.1 GET /api/v1/theme?ids=1,2,3
[ info ] ceshi.cn/api/v1/theme?ids=1,2,3 [运行时间：0.376022s][吞吐率：2.66req/s] [内存消耗：3,410.29kb] [文件加载：64]
[ sql ] [ DB ] CONNECT:[ UseTime:0.011001s ] mysql:host=127.0.0.1;port=3306;dbname=zerg;charset=utf8
[ sql ] [ SQL ] SHOW COLUMNS FROM `theme` [ RunTime:0.132008s ]
[ sql ] [ SQL ] SELECT * FROM `theme` WHERE  `id` IN (1,2,3) [ RunTime:0.002000s ]
[ sql ] [ SQL ] SHOW COLUMNS FROM `image` [ RunTime:0.039002s ]
[ sql ] [ SQL ] SELECT * FROM `image` WHERE  `id` IN (16,17,18) [ RunTime:0.001000s ]
[ sql ] [ SQL ] SELECT * FROM `image` WHERE  `id` IN (49,50,18) [ RunTime:0.001000s ]
---------------------------------------------------------------
[ 2018-06-14T22:45:41+08:00 ] 127.0.0.1 GET /api/v1/banner/1
[ info ] ceshi.cn/api/v1/banner/1 [运行时间：0.442025s][吞吐率：2.26req/s] [内存消耗：3,172.68kb] [文件加载：60]
[ sql ] [ DB ] CONNECT:[ UseTime:0.002000s ] mysql:host=127.0.0.1;port=3306;dbname=zerg;charset=utf8
[ sql ] [ SQL ] SHOW COLUMNS FROM `banner` [ RunTime:0.113007s ]
[ sql ] [ SQL ] SELECT * FROM `banner` WHERE  `id` = 1 LIMIT 1 [ RunTime:0.001000s ]
[ sql ] [ SQL ] SHOW COLUMNS FROM `banner_item` [ RunTime:0.036002s ]
[ sql ] [ SQL ] SELECT * FROM `banner_item` WHERE  `banner_id` = 1 [ RunTime:0.001000s ]
[ sql ] [ SQL ] SELECT * FROM `banner_item` WHERE  `banner_id` = 1 [ RunTime:0.002000s ]
[ sql ] [ SQL ] SHOW COLUMNS FROM `image` [ RunTime:0.037002s ]
[ sql ] [ SQL ] SELECT * FROM `image` WHERE  `id` IN (65,2,3,1) [ RunTime:0.001000s ]
---------------------------------------------------------------
[ 2018-06-14T22:49:00+08:00 ] 127.0.0.1 GET /api/v1/theme?ids=1,2,3
[ info ] ceshi.cn/api/v1/theme?ids=1,2,3 [运行时间：0.261015s][吞吐率：3.83req/s] [内存消耗：3,410.35kb] [文件加载：64]
[ sql ] [ DB ] CONNECT:[ UseTime:0.012000s ] mysql:host=127.0.0.1;port=3306;dbname=zerg;charset=utf8
[ sql ] [ SQL ] SHOW COLUMNS FROM `theme` [ RunTime:0.040003s ]
[ sql ] [ SQL ] SELECT * FROM `theme` WHERE  `id` IN (1,2,3) [ RunTime:0.002000s ]
[ sql ] [ SQL ] SHOW COLUMNS FROM `image` [ RunTime:0.036002s ]
[ sql ] [ SQL ] SELECT * FROM `image` WHERE  `id` IN (16,17,18) [ RunTime:0.001000s ]
[ sql ] [ SQL ] SELECT * FROM `image` WHERE  `id` IN (49,50,18) [ RunTime:0.001000s ]
---------------------------------------------------------------
[ 2018-06-14T22:49:00+08:00 ] 127.0.0.1 GET /api/v1/banner/1
[ info ] ceshi.cn/api/v1/banner/1 [运行时间：0.412023s][吞吐率：2.43req/s] [内存消耗：3,172.68kb] [文件加载：60]
[ sql ] [ DB ] CONNECT:[ UseTime:0.011001s ] mysql:host=127.0.0.1;port=3306;dbname=zerg;charset=utf8
[ sql ] [ SQL ] SHOW COLUMNS FROM `banner` [ RunTime:0.043002s ]
[ sql ] [ SQL ] SELECT * FROM `banner` WHERE  `id` = 1 LIMIT 1 [ RunTime:0.001000s ]
[ sql ] [ SQL ] SHOW COLUMNS FROM `banner_item` [ RunTime:0.051003s ]
[ sql ] [ SQL ] SELECT * FROM `banner_item` WHERE  `banner_id` = 1 [ RunTime:0.002000s ]
[ sql ] [ SQL ] SELECT * FROM `banner_item` WHERE  `banner_id` = 1 [ RunTime:0.001000s ]
[ sql ] [ SQL ] SHOW COLUMNS FROM `image` [ RunTime:0.034002s ]
[ sql ] [ SQL ] SELECT * FROM `image` WHERE  `id` IN (65,2,3,1) [ RunTime:0.004000s ]
---------------------------------------------------------------
[ 2018-06-14T22:49:25+08:00 ] 127.0.0.1 GET /api/v1/theme?ids=1,2,3
[ info ] ceshi.cn/api/v1/theme?ids=1,2,3 [运行时间：0.284016s][吞吐率：3.52req/s] [内存消耗：3,410.29kb] [文件加载：64]
[ sql ] [ DB ] CONNECT:[ UseTime:0.011000s ] mysql:host=127.0.0.1;port=3306;dbname=zerg;charset=utf8
[ sql ] [ SQL ] SHOW COLUMNS FROM `theme` [ RunTime:0.033002s ]
[ sql ] [ SQL ] SELECT * FROM `theme` WHERE  `id` IN (1,2,3) [ RunTime:0.001000s ]
[ sql ] [ SQL ] SHOW COLUMNS FROM `image` [ RunTime:0.048002s ]
[ sql ] [ SQL ] SELECT * FROM `image` WHERE  `id` IN (16,17,18) [ RunTime:0.002001s ]
[ sql ] [ SQL ] SELECT * FROM `image` WHERE  `id` IN (49,50,18) [ RunTime:0.001000s ]
---------------------------------------------------------------
[ 2018-06-14T22:49:25+08:00 ] 127.0.0.1 GET /api/v1/banner/1
[ info ] ceshi.cn/api/v1/banner/1 [运行时间：0.393022s][吞吐率：2.54req/s] [内存消耗：3,172.68kb] [文件加载：60]
[ sql ] [ DB ] CONNECT:[ UseTime:0.018001s ] mysql:host=127.0.0.1;port=3306;dbname=zerg;charset=utf8
[ sql ] [ SQL ] SHOW COLUMNS FROM `banner` [ RunTime:0.052003s ]
[ sql ] [ SQL ] SELECT * FROM `banner` WHERE  `id` = 1 LIMIT 1 [ RunTime:0.001000s ]
[ sql ] [ SQL ] SHOW COLUMNS FROM `banner_item` [ RunTime:0.032002s ]
[ sql ] [ SQL ] SELECT * FROM `banner_item` WHERE  `banner_id` = 1 [ RunTime:0.001000s ]
[ sql ] [ SQL ] SELECT * FROM `banner_item` WHERE  `banner_id` = 1 [ RunTime:0.001000s ]
[ sql ] [ SQL ] SHOW COLUMNS FROM `image` [ RunTime:0.041003s ]
[ sql ] [ SQL ] SELECT * FROM `image` WHERE  `id` IN (65,2,3,1) [ RunTime:0.002000s ]
---------------------------------------------------------------
[ 2018-06-14T22:49:33+08:00 ] 127.0.0.1 GET /api/v1/banner/1
[ info ] ceshi.cn/api/v1/banner/1 [运行时间：0.453026s][吞吐率：2.21req/s] [内存消耗：3,172.68kb] [文件加载：60]
[ sql ] [ DB ] CONNECT:[ UseTime:0.012001s ] mysql:host=127.0.0.1;port=3306;dbname=zerg;charset=utf8
[ sql ] [ SQL ] SHOW COLUMNS FROM `banner` [ RunTime:0.029001s ]
[ sql ] [ SQL ] SELECT * FROM `banner` WHERE  `id` = 1 LIMIT 1 [ RunTime:0.001000s ]
[ sql ] [ SQL ] SHOW COLUMNS FROM `banner_item` [ RunTime:0.027001s ]
[ sql ] [ SQL ] SELECT * FROM `banner_item` WHERE  `banner_id` = 1 [ RunTime:0.001001s ]
[ sql ] [ SQL ] SELECT * FROM `banner_item` WHERE  `banner_id` = 1 [ RunTime:0.001001s ]
[ sql ] [ SQL ] SHOW COLUMNS FROM `image` [ RunTime:0.042002s ]
[ sql ] [ SQL ] SELECT * FROM `image` WHERE  `id` IN (65,2,3,1) [ RunTime:0.002000s ]
---------------------------------------------------------------
[ 2018-06-14T22:49:33+08:00 ] 127.0.0.1 GET /api/v1/theme?ids=1,2,3
[ info ] ceshi.cn/api/v1/theme?ids=1,2,3 [运行时间：0.243014s][吞吐率：4.11req/s] [内存消耗：3,410.29kb] [文件加载：64]
[ sql ] [ DB ] CONNECT:[ UseTime:0.012001s ] mysql:host=127.0.0.1;port=3306;dbname=zerg;charset=utf8
[ sql ] [ SQL ] SHOW COLUMNS FROM `theme` [ RunTime:0.023001s ]
[ sql ] [ SQL ] SELECT * FROM `theme` WHERE  `id` IN (1,2,3) [ RunTime:0.001000s ]
[ sql ] [ SQL ] SHOW COLUMNS FROM `image` [ RunTime:0.052003s ]
[ sql ] [ SQL ] SELECT * FROM `image` WHERE  `id` IN (16,17,18) [ RunTime:0.001000s ]
[ sql ] [ SQL ] SELECT * FROM `image` WHERE  `id` IN (49,50,18) [ RunTime:0.001000s ]
